2023-10-12 16:23:44,698 : INFO : Start logging
2023-10-12 16:23:44,724 : INFO : Serial port init: {'logger': <RovLogging.RovLogger object at 0x000001765ED40650>, 'port': 'COM11', 'bitrate': 57600, 'timeout': 1, 'debag': False}
2023-10-12 16:23:44,725 : INFO : OC: Win
2023-10-12 16:23:45,610 : INFO : Controller PS4 init
2023-10-12 16:23:45,610 : INFO : Control box init
2023-10-12 16:23:45,611 : INFO : Controller PS4 listen
2023-10-12 16:23:45,611 : INFO : Controller run
2023-10-12 16:23:45,611 : DEBUG : Data pult: {'linear_x': 0, 'linear_y': 0, 'linear_z': 0, 'rotate_x': 0, 'rotate_y': 0, 'rotate_z': 0, 'servo_cam': 0, 'gripper': 0, 'led': 0, 'stabilization_depth': 0, 'stabilization_course': 0}
2023-10-12 16:23:45,612 : DEBUG : Send data: b'1500 1500 1500 1500 1500 1500 1500 1500 1500 1500 1000\n'
2023-10-12 16:23:45,813 : DEBUG : Data pult: {'linear_x': 0, 'linear_y': 0, 'linear_z': 0, 'rotate_x': 0, 'rotate_y': 0, 'rotate_z': 0, 'servo_cam': 0, 'gripper': 0, 'led': 0, 'stabilization_depth': 0, 'stabilization_course': 0}
2023-10-12 16:23:45,815 : DEBUG : Send data: b'1500 1500 1500 1500 1500 1500 1500 1500 1500 1500 1000\n'
2023-10-12 16:23:46,016 : DEBUG : Data pult: {'linear_x': 0, 'linear_y': 0, 'linear_z': 0, 'rotate_x': 0, 'rotate_y': 0, 'rotate_z': 0, 'servo_cam': 0, 'gripper': 0, 'led': 0, 'stabilization_depth': 0, 'stabilization_course': 0}
2023-10-12 16:23:46,017 : DEBUG : Send data: b'1500 1500 1500 1500 1500 1500 1500 1500 1500 1500 1000\n'
2023-10-12 16:23:46,218 : DEBUG : Data pult: {'linear_x': 0, 'linear_y': 0, 'linear_z': 0, 'rotate_x': 0, 'rotate_y': 0, 'rotate_z': 0, 'servo_cam': 0, 'gripper': 0, 'led': 0, 'stabilization_depth': 0, 'stabilization_course': 0}
2023-10-12 16:23:46,220 : DEBUG : Send data: b'1500 1500 1500 1500 1500 1500 1500 1500 1500 1500 1000\n'
2023-10-12 16:23:46,421 : DEBUG : Data pult: {'linear_x': 0, 'linear_y': 0, 'linear_z': 0, 'rotate_x': 0, 'rotate_y': 0, 'rotate_z': 0, 'servo_cam': 0, 'gripper': 0, 'led': 0, 'stabilization_depth': 0, 'stabilization_course': 0}
2023-10-12 16:23:46,423 : DEBUG : Send data: b'1500 1500 1500 1500 1500 1500 1500 1500 1500 1500 1000\n'
2023-10-12 16:23:46,624 : DEBUG : Data pult: {'linear_x': 0, 'linear_y': 0, 'linear_z': 0, 'rotate_x': 0, 'rotate_y': 0, 'rotate_z': 0, 'servo_cam': 0, 'gripper': 0, 'led': 0, 'stabilization_depth': 0, 'stabilization_course': 0}
2023-10-12 16:23:46,625 : DEBUG : Send data: b'1500 1500 1500 1500 1500 1500 1500 1500 1500 1500 1000\n'
2023-10-12 16:23:46,826 : DEBUG : Data pult: {'linear_x': 0, 'linear_y': 0, 'linear_z': 0, 'rotate_x': 0, 'rotate_y': 0, 'rotate_z': 0, 'servo_cam': 0, 'gripper': 0, 'led': 0, 'stabilization_depth': 0, 'stabilization_course': 0}
2023-10-12 16:23:46,827 : DEBUG : Send data: b'1500 1500 1500 1500 1500 1500 1500 1500 1500 1500 1000\n'
2023-10-12 16:23:47,029 : DEBUG : Data pult: {'linear_x': 0, 'linear_y': 0, 'linear_z': 0, 'rotate_x': 0, 'rotate_y': 0, 'rotate_z': 0, 'servo_cam': 0, 'gripper': 0, 'led': 0, 'stabilization_depth': 0, 'stabilization_course': 0}
2023-10-12 16:23:47,030 : DEBUG : Send data: b'1500 1500 1500 1500 1500 1500 1500 1500 1500 1500 1000\n'
2023-10-12 16:23:47,231 : DEBUG : Data pult: {'linear_x': 0, 'linear_y': 0, 'linear_z': 0, 'rotate_x': 0, 'rotate_y': 0, 'rotate_z': 0, 'servo_cam': 0, 'gripper': 0, 'led': 0, 'stabilization_depth': 0, 'stabilization_course': 0}
2023-10-12 16:23:47,233 : DEBUG : Send data: b'1500 1500 1500 1500 1500 1500 1500 1500 1500 1500 1000\n'
2023-10-12 16:23:47,433 : DEBUG : Data pult: {'linear_x': 0, 'linear_y': 0, 'linear_z': 0, 'rotate_x': 0, 'rotate_y': 0, 'rotate_z': 0, 'servo_cam': 0, 'gripper': 0, 'led': 0, 'stabilization_depth': 0, 'stabilization_course': 0}
2023-10-12 16:23:47,436 : DEBUG : Send data: b'1500 1500 1500 1500 1500 1500 1500 1500 1500 1500 1000\n'
2023-10-12 16:23:47,637 : DEBUG : Data pult: {'linear_x': 0, 'linear_y': 0, 'linear_z': 0, 'rotate_x': 0, 'rotate_y': 0, 'rotate_z': 0, 'servo_cam': 0, 'gripper': 0, 'led': 0, 'stabilization_depth': 0, 'stabilization_course': 0}
2023-10-12 16:23:47,639 : DEBUG : Send data: b'1500 1500 1500 1500 1500 1500 1500 1500 1500 1500 1000\n'
2023-10-12 16:23:47,840 : DEBUG : Data pult: {'linear_x': 0, 'linear_y': 0, 'linear_z': 0, 'rotate_x': 0, 'rotate_y': 0, 'rotate_z': 0, 'servo_cam': 0, 'gripper': 0, 'led': 0, 'stabilization_depth': 0, 'stabilization_course': 0}
2023-10-12 16:23:47,841 : DEBUG : Send data: b'1500 1500 1500 1500 1500 1500 1500 1500 1500 1500 1000\n'
2023-10-12 16:23:48,042 : DEBUG : Data pult: {'linear_x': 0, 'linear_y': 0, 'linear_z': 0, 'rotate_x': 0, 'rotate_y': 0, 'rotate_z': 0, 'servo_cam': 0, 'gripper': 0, 'led': 0, 'stabilization_depth': 0, 'stabilization_course': 0}
2023-10-12 16:23:48,044 : DEBUG : Send data: b'1500 1500 1500 1500 1500 1500 1500 1500 1500 1500 1000\n'
2023-10-12 16:23:48,245 : DEBUG : Data pult: {'linear_x': 0, 'linear_y': 0, 'linear_z': 0, 'rotate_x': 0, 'rotate_y': 0, 'rotate_z': 0, 'servo_cam': 0, 'gripper': 0, 'led': 0, 'stabilization_depth': 0, 'stabilization_course': 0}
2023-10-12 16:23:48,246 : DEBUG : Send data: b'1500 1500 1500 1500 1500 1500 1500 1500 1500 1500 1000\n'
2023-10-12 16:23:48,448 : DEBUG : Data pult: {'linear_x': 0, 'linear_y': 0, 'linear_z': 0, 'rotate_x': 0, 'rotate_y': 0, 'rotate_z': 0, 'servo_cam': 0, 'gripper': 0, 'led': 0, 'stabilization_depth': 0, 'stabilization_course': 0}
2023-10-12 16:23:48,449 : DEBUG : Send data: b'1500 1500 1500 1500 1500 1500 1500 1500 1500 1500 1000\n'
2023-10-12 16:23:48,651 : DEBUG : Data pult: {'linear_x': 0, 'linear_y': 0, 'linear_z': 0, 'rotate_x': 0, 'rotate_y': 0, 'rotate_z': 0, 'servo_cam': 0, 'gripper': 0, 'led': 0, 'stabilization_depth': 0, 'stabilization_course': 0}
2023-10-12 16:23:48,652 : DEBUG : Send data: b'1500 1500 1500 1500 1500 1500 1500 1500 1500 1500 1000\n'
2023-10-12 16:23:48,854 : DEBUG : Data pult: {'linear_x': 0, 'linear_y': 0, 'linear_z': 0, 'rotate_x': 0, 'rotate_y': 0, 'rotate_z': 0, 'servo_cam': 0, 'gripper': 0, 'led': 0, 'stabilization_depth': 0, 'stabilization_course': 0}
2023-10-12 16:23:48,854 : DEBUG : Send data: b'1500 1500 1500 1500 1500 1500 1500 1500 1500 1500 1000\n'
2023-10-12 16:23:49,056 : DEBUG : Data pult: {'linear_x': 0, 'linear_y': 0, 'linear_z': 0, 'rotate_x': 0, 'rotate_y': 0, 'rotate_z': 0, 'servo_cam': 0, 'gripper': 0, 'led': 0, 'stabilization_depth': 0, 'stabilization_course': 0}
2023-10-12 16:23:49,057 : DEBUG : Send data: b'1500 1500 1500 1500 1500 1500 1500 1500 1500 1500 1000\n'
2023-10-12 16:23:49,259 : DEBUG : Data pult: {'linear_x': 0, 'linear_y': 0, 'linear_z': 0, 'rotate_x': 0, 'rotate_y': 0, 'rotate_z': 0, 'servo_cam': 0, 'gripper': 0, 'led': 0, 'stabilization_depth': 0, 'stabilization_course': 0}
2023-10-12 16:23:49,261 : DEBUG : Send data: b'1500 1500 1500 1500 1500 1500 1500 1500 1500 1500 1000\n'
2023-10-12 16:23:49,461 : DEBUG : Data pult: {'linear_x': 0, 'linear_y': 0, 'linear_z': 0, 'rotate_x': 0, 'rotate_y': 0, 'rotate_z': 0, 'servo_cam': 0, 'gripper': 0, 'led': 0, 'stabilization_depth': 0, 'stabilization_course': 0}
2023-10-12 16:23:49,462 : DEBUG : Send data: b'1500 1500 1500 1500 1500 1500 1500 1500 1500 1500 1000\n'
2023-10-12 16:23:49,664 : DEBUG : Data pult: {'linear_x': 0, 'linear_y': 0, 'linear_z': 0, 'rotate_x': 0, 'rotate_y': 0, 'rotate_z': 0, 'servo_cam': 0, 'gripper': 0, 'led': 0, 'stabilization_depth': 0, 'stabilization_course': 0}
2023-10-12 16:23:49,665 : DEBUG : Send data: b'1500 1500 1500 1500 1500 1500 1500 1500 1500 1500 1000\n'
2023-10-12 16:23:49,866 : DEBUG : Data pult: {'linear_x': 0, 'linear_y': 0, 'linear_z': 0, 'rotate_x': 0, 'rotate_y': 0, 'rotate_z': 0, 'servo_cam': 0, 'gripper': 0, 'led': 0, 'stabilization_depth': 0, 'stabilization_course': 0}
2023-10-12 16:23:49,867 : DEBUG : Send data: b'1500 1500 1500 1500 1500 1500 1500 1500 1500 1500 1000\n'
2023-10-12 16:23:50,068 : DEBUG : Data pult: {'linear_x': 0, 'linear_y': 0, 'linear_z': 0, 'rotate_x': 0, 'rotate_y': 0, 'rotate_z': 0, 'servo_cam': 0, 'gripper': 0, 'led': 0, 'stabilization_depth': 0, 'stabilization_course': 0}
2023-10-12 16:23:50,069 : DEBUG : Send data: b'1500 1500 1500 1500 1500 1500 1500 1500 1500 1500 1000\n'
2023-10-12 16:23:50,270 : DEBUG : Data pult: {'linear_x': 0, 'linear_y': 0, 'linear_z': 0, 'rotate_x': 0, 'rotate_y': 0, 'rotate_z': 0, 'servo_cam': 0, 'gripper': 0, 'led': 0, 'stabilization_depth': 0, 'stabilization_course': 0}
2023-10-12 16:23:50,272 : DEBUG : Send data: b'1500 1500 1500 1500 1500 1500 1500 1500 1500 1500 1000\n'
2023-10-12 16:23:50,473 : DEBUG : Data pult: {'linear_x': 0, 'linear_y': 0, 'linear_z': 0, 'rotate_x': 0, 'rotate_y': 0, 'rotate_z': 0, 'servo_cam': 0, 'gripper': 0, 'led': 0, 'stabilization_depth': 0, 'stabilization_course': 0}
2023-10-12 16:23:50,474 : DEBUG : Send data: b'1500 1500 1500 1500 1500 1500 1500 1500 1500 1500 1000\n'
2023-10-12 16:23:50,675 : DEBUG : Data pult: {'linear_x': 0, 'linear_y': 0, 'linear_z': 0, 'rotate_x': 0, 'rotate_y': 0, 'rotate_z': 0, 'servo_cam': 0, 'gripper': 0, 'led': 0, 'stabilization_depth': 0, 'stabilization_course': 0}
2023-10-12 16:23:50,676 : DEBUG : Send data: b'1500 1500 1500 1500 1500 1500 1500 1500 1500 1500 1000\n'
2023-10-12 16:23:50,877 : DEBUG : Data pult: {'linear_x': 0, 'linear_y': 0, 'linear_z': 0, 'rotate_x': 0, 'rotate_y': 0, 'rotate_z': 0, 'servo_cam': 0, 'gripper': 0, 'led': 0, 'stabilization_depth': 0, 'stabilization_course': 0}
2023-10-12 16:23:50,878 : DEBUG : Send data: b'1500 1500 1500 1500 1500 1500 1500 1500 1500 1500 1000\n'
2023-10-12 16:23:51,080 : DEBUG : Data pult: {'linear_x': 0, 'linear_y': 0, 'linear_z': 0, 'rotate_x': 0, 'rotate_y': 0, 'rotate_z': 0, 'servo_cam': 0, 'gripper': 0, 'led': 0, 'stabilization_depth': 0, 'stabilization_course': 0}
2023-10-12 16:23:51,081 : DEBUG : Send data: b'1500 1500 1500 1500 1500 1500 1500 1500 1500 1500 1000\n'
2023-10-12 16:23:51,282 : DEBUG : Data pult: {'linear_x': 0, 'linear_y': 0, 'linear_z': 0, 'rotate_x': 0, 'rotate_y': 0, 'rotate_z': 0, 'servo_cam': 0, 'gripper': 0, 'led': 0, 'stabilization_depth': 0, 'stabilization_course': 0}
2023-10-12 16:23:51,284 : DEBUG : Send data: b'1500 1500 1500 1500 1500 1500 1500 1500 1500 1500 1000\n'
2023-10-12 16:23:51,486 : DEBUG : Data pult: {'linear_x': 0, 'linear_y': 0, 'linear_z': 0, 'rotate_x': 0, 'rotate_y': 0, 'rotate_z': 0, 'servo_cam': 0, 'gripper': 0, 'led': 0, 'stabilization_depth': 0, 'stabilization_course': 0}
2023-10-12 16:23:51,487 : DEBUG : Send data: b'1500 1500 1500 1500 1500 1500 1500 1500 1500 1500 1000\n'
2023-10-12 16:23:51,689 : DEBUG : Data pult: {'linear_x': 0, 'linear_y': 0, 'linear_z': 0, 'rotate_x': 0, 'rotate_y': 0, 'rotate_z': 0, 'servo_cam': 0, 'gripper': 0, 'led': 0, 'stabilization_depth': 0, 'stabilization_course': 0}
2023-10-12 16:23:51,690 : DEBUG : Send data: b'1500 1500 1500 1500 1500 1500 1500 1500 1500 1500 1000\n'
2023-10-12 16:23:51,891 : DEBUG : Data pult: {'linear_x': 0, 'linear_y': 0, 'linear_z': 0, 'rotate_x': 0, 'rotate_y': 0, 'rotate_z': 0, 'servo_cam': 0, 'gripper': 0, 'led': 0, 'stabilization_depth': 0, 'stabilization_course': 0}
2023-10-12 16:23:51,893 : DEBUG : Send data: b'1500 1500 1500 1500 1500 1500 1500 1500 1500 1500 1000\n'
2023-10-12 16:23:52,095 : DEBUG : Data pult: {'linear_x': 0, 'linear_y': 0, 'linear_z': 0, 'rotate_x': 0, 'rotate_y': 0, 'rotate_z': 0, 'servo_cam': 0, 'gripper': 0, 'led': 0, 'stabilization_depth': 0, 'stabilization_course': 0}
2023-10-12 16:23:52,096 : DEBUG : Send data: b'1500 1500 1500 1500 1500 1500 1500 1500 1500 1500 1000\n'
2023-10-12 16:23:52,297 : DEBUG : Data pult: {'linear_x': 0, 'linear_y': 0, 'linear_z': 0, 'rotate_x': 0, 'rotate_y': 0, 'rotate_z': 0, 'servo_cam': 0, 'gripper': 0, 'led': 0, 'stabilization_depth': 0, 'stabilization_course': 0}
2023-10-12 16:23:52,298 : DEBUG : Send data: b'1500 1500 1500 1500 1500 1500 1500 1500 1500 1500 1000\n'
2023-10-12 16:23:52,499 : DEBUG : Data pult: {'linear_x': 0, 'linear_y': 0, 'linear_z': 0, 'rotate_x': 0, 'rotate_y': 0, 'rotate_z': 0, 'servo_cam': 0, 'gripper': 0, 'led': 0, 'stabilization_depth': 0, 'stabilization_course': 0}
2023-10-12 16:23:52,501 : DEBUG : Send data: b'1500 1500 1500 1500 1500 1500 1500 1500 1500 1500 1000\n'
2023-10-12 16:23:52,702 : DEBUG : Data pult: {'linear_x': 0, 'linear_y': 0, 'linear_z': 0, 'rotate_x': 0, 'rotate_y': 0, 'rotate_z': 0, 'servo_cam': 0, 'gripper': 0, 'led': 0, 'stabilization_depth': 0, 'stabilization_course': 0}
2023-10-12 16:23:52,703 : DEBUG : Send data: b'1500 1500 1500 1500 1500 1500 1500 1500 1500 1500 1000\n'
2023-10-12 16:23:52,905 : DEBUG : Data pult: {'linear_x': 0, 'linear_y': 0, 'linear_z': 0, 'rotate_x': 0, 'rotate_y': 0, 'rotate_z': 0, 'servo_cam': 0, 'gripper': 0, 'led': 0, 'stabilization_depth': 0, 'stabilization_course': 0}
2023-10-12 16:23:52,906 : DEBUG : Send data: b'1500 1500 1500 1500 1500 1500 1500 1500 1500 1500 1000\n'
2023-10-12 16:23:53,107 : DEBUG : Data pult: {'linear_x': 0, 'linear_y': 0, 'linear_z': 0, 'rotate_x': 0, 'rotate_y': 0, 'rotate_z': 0, 'servo_cam': 0, 'gripper': 0, 'led': 0, 'stabilization_depth': 0, 'stabilization_course': 0}
2023-10-12 16:23:53,108 : DEBUG : Send data: b'1500 1500 1500 1500 1500 1500 1500 1500 1500 1500 1000\n'
2023-10-12 16:23:53,309 : DEBUG : Data pult: {'linear_x': 0, 'linear_y': 0, 'linear_z': 0, 'rotate_x': 0, 'rotate_y': 0, 'rotate_z': 0, 'servo_cam': 0, 'gripper': 0, 'led': 0, 'stabilization_depth': 0, 'stabilization_course': 0}
2023-10-12 16:23:53,311 : DEBUG : Send data: b'1500 1500 1500 1500 1500 1500 1500 1500 1500 1500 1000\n'
2023-10-12 16:23:53,512 : DEBUG : Data pult: {'linear_x': 0, 'linear_y': 0, 'linear_z': 0, 'rotate_x': 0, 'rotate_y': 0, 'rotate_z': 0, 'servo_cam': 0, 'gripper': 0, 'led': 0, 'stabilization_depth': 0, 'stabilization_course': 0}
2023-10-12 16:23:53,513 : DEBUG : Send data: b'1500 1500 1500 1500 1500 1500 1500 1500 1500 1500 1000\n'
2023-10-12 16:23:53,714 : DEBUG : Data pult: {'linear_x': 0, 'linear_y': 0, 'linear_z': 0, 'rotate_x': 0, 'rotate_y': 0, 'rotate_z': 0, 'servo_cam': 0, 'gripper': 0, 'led': 0, 'stabilization_depth': 0, 'stabilization_course': 0}
2023-10-12 16:23:53,715 : DEBUG : Send data: b'1500 1500 1500 1500 1500 1500 1500 1500 1500 1500 1000\n'
2023-10-12 16:23:53,917 : DEBUG : Data pult: {'linear_x': 0, 'linear_y': 0, 'linear_z': 0, 'rotate_x': 0, 'rotate_y': 0, 'rotate_z': 0, 'servo_cam': 0, 'gripper': 0, 'led': 0, 'stabilization_depth': 0, 'stabilization_course': 0}
2023-10-12 16:23:53,918 : DEBUG : Send data: b'1500 1500 1500 1500 1500 1500 1500 1500 1500 1500 1000\n'
2023-10-12 16:23:54,119 : DEBUG : Data pult: {'linear_x': 0, 'linear_y': 0, 'linear_z': 0, 'rotate_x': 0, 'rotate_y': 0, 'rotate_z': 0, 'servo_cam': 0, 'gripper': 0, 'led': 0, 'stabilization_depth': 0, 'stabilization_course': 0}
2023-10-12 16:23:54,121 : DEBUG : Send data: b'1500 1500 1500 1500 1500 1500 1500 1500 1500 1500 1000\n'
2023-10-12 16:23:54,322 : DEBUG : Data pult: {'linear_x': 0, 'linear_y': 0, 'linear_z': 0, 'rotate_x': 0, 'rotate_y': 0, 'rotate_z': 0, 'servo_cam': 0, 'gripper': 0, 'led': 0, 'stabilization_depth': 0, 'stabilization_course': 0}
2023-10-12 16:23:54,323 : DEBUG : Send data: b'1500 1500 1500 1500 1500 1500 1500 1500 1500 1500 1000\n'
2023-10-12 16:23:54,525 : DEBUG : Data pult: {'linear_x': 0, 'linear_y': 0, 'linear_z': 0, 'rotate_x': 0, 'rotate_y': 0, 'rotate_z': 0, 'servo_cam': 0, 'gripper': 0, 'led': 0, 'stabilization_depth': 0, 'stabilization_course': 0}
2023-10-12 16:23:54,526 : DEBUG : Send data: b'1500 1500 1500 1500 1500 1500 1500 1500 1500 1500 1000\n'
2023-10-12 16:23:54,728 : DEBUG : Data pult: {'linear_x': 0, 'linear_y': 0, 'linear_z': 0, 'rotate_x': 0, 'rotate_y': 0, 'rotate_z': 0, 'servo_cam': 0, 'gripper': 0, 'led': 0, 'stabilization_depth': 0, 'stabilization_course': 0}
2023-10-12 16:23:54,730 : DEBUG : Send data: b'1500 1500 1500 1500 1500 1500 1500 1500 1500 1500 1000\n'
2023-10-12 16:23:54,930 : DEBUG : Data pult: {'linear_x': 0, 'linear_y': 0, 'linear_z': 0, 'rotate_x': 0, 'rotate_y': 0, 'rotate_z': 0, 'servo_cam': 0, 'gripper': 0, 'led': 0, 'stabilization_depth': 0, 'stabilization_course': 0}
2023-10-12 16:23:54,932 : DEBUG : Send data: b'1500 1500 1500 1500 1500 1500 1500 1500 1500 1500 1000\n'
2023-10-12 16:23:55,133 : DEBUG : Data pult: {'linear_x': 0, 'linear_y': 0, 'linear_z': 0, 'rotate_x': 0, 'rotate_y': 0, 'rotate_z': 0, 'servo_cam': 0, 'gripper': 0, 'led': 0, 'stabilization_depth': 0, 'stabilization_course': 0}
2023-10-12 16:23:55,134 : DEBUG : Send data: b'1500 1500 1500 1500 1500 1500 1500 1500 1500 1500 1000\n'
2023-10-12 16:23:55,336 : DEBUG : Data pult: {'linear_x': 0, 'linear_y': 0, 'linear_z': 0, 'rotate_x': 0, 'rotate_y': 0, 'rotate_z': 0, 'servo_cam': 0, 'gripper': 0, 'led': 0, 'stabilization_depth': 0, 'stabilization_course': 0}
2023-10-12 16:23:55,338 : DEBUG : Send data: b'1500 1500 1500 1500 1500 1500 1500 1500 1500 1500 1000\n'
2023-10-12 16:23:55,539 : DEBUG : Data pult: {'linear_x': 0, 'linear_y': 0, 'linear_z': 0, 'rotate_x': 0, 'rotate_y': 0, 'rotate_z': 0, 'servo_cam': 0, 'gripper': 0, 'led': 0, 'stabilization_depth': 0, 'stabilization_course': 0}
2023-10-12 16:23:55,541 : DEBUG : Send data: b'1500 1500 1500 1500 1500 1500 1500 1500 1500 1500 1000\n'
2023-10-12 16:23:55,742 : DEBUG : Data pult: {'linear_x': 0, 'linear_y': 0, 'linear_z': 0, 'rotate_x': 0, 'rotate_y': 0, 'rotate_z': 0, 'servo_cam': 0, 'gripper': 0, 'led': 0, 'stabilization_depth': 0, 'stabilization_course': 0}
2023-10-12 16:23:55,743 : DEBUG : Send data: b'1500 1500 1500 1500 1500 1500 1500 1500 1500 1500 1000\n'
2023-10-12 16:23:55,944 : DEBUG : Data pult: {'linear_x': 0, 'linear_y': 0, 'linear_z': 0, 'rotate_x': 0, 'rotate_y': 0, 'rotate_z': 0, 'servo_cam': 0, 'gripper': 0, 'led': 0, 'stabilization_depth': 0, 'stabilization_course': 0}
2023-10-12 16:23:55,945 : DEBUG : Send data: b'1500 1500 1500 1500 1500 1500 1500 1500 1500 1500 1000\n'
2023-10-12 16:23:56,146 : DEBUG : Data pult: {'linear_x': 0, 'linear_y': 0, 'linear_z': 0, 'rotate_x': 0, 'rotate_y': 0, 'rotate_z': 0, 'servo_cam': 0, 'gripper': 0, 'led': 0, 'stabilization_depth': 0, 'stabilization_course': 0}
2023-10-12 16:23:56,148 : DEBUG : Send data: b'1500 1500 1500 1500 1500 1500 1500 1500 1500 1500 1000\n'
2023-10-12 16:23:56,350 : DEBUG : Data pult: {'linear_x': 0, 'linear_y': 0, 'linear_z': 0, 'rotate_x': 0, 'rotate_y': 0, 'rotate_z': 0, 'servo_cam': 0, 'gripper': 0, 'led': 0, 'stabilization_depth': 0, 'stabilization_course': 0}
2023-10-12 16:23:56,352 : DEBUG : Send data: b'1500 1500 1500 1500 1500 1500 1500 1500 1500 1500 1000\n'
2023-10-12 16:23:56,553 : DEBUG : Data pult: {'linear_x': 0, 'linear_y': 0, 'linear_z': 0, 'rotate_x': 0, 'rotate_y': 0, 'rotate_z': 0, 'servo_cam': 0, 'gripper': 0, 'led': 0, 'stabilization_depth': 0, 'stabilization_course': 0}
2023-10-12 16:23:56,554 : DEBUG : Send data: b'1500 1500 1500 1500 1500 1500 1500 1500 1500 1500 1000\n'
2023-10-12 16:23:56,755 : DEBUG : Data pult: {'linear_x': 0, 'linear_y': 0, 'linear_z': 0, 'rotate_x': 0, 'rotate_y': 0, 'rotate_z': 0, 'servo_cam': 0, 'gripper': 0, 'led': 0, 'stabilization_depth': 0, 'stabilization_course': 0}
2023-10-12 16:23:56,757 : DEBUG : Send data: b'1500 1500 1500 1500 1500 1500 1500 1500 1500 1500 1000\n'
2023-10-12 16:23:56,958 : DEBUG : Data pult: {'linear_x': 0, 'linear_y': 0, 'linear_z': 0, 'rotate_x': 0, 'rotate_y': 0, 'rotate_z': 0, 'servo_cam': 0, 'gripper': 0, 'led': 0, 'stabilization_depth': 0, 'stabilization_course': 0}
2023-10-12 16:23:56,960 : DEBUG : Send data: b'1500 1500 1500 1500 1500 1500 1500 1500 1500 1500 1000\n'
2023-10-12 16:23:57,161 : DEBUG : Data pult: {'linear_x': 0, 'linear_y': 0, 'linear_z': 0, 'rotate_x': 0, 'rotate_y': 0, 'rotate_z': 0, 'servo_cam': 0, 'gripper': 0, 'led': 0, 'stabilization_depth': 0, 'stabilization_course': 0}
2023-10-12 16:23:57,162 : DEBUG : Send data: b'1500 1500 1500 1500 1500 1500 1500 1500 1500 1500 1000\n'
2023-10-12 16:23:57,363 : DEBUG : Data pult: {'linear_x': 0, 'linear_y': 0, 'linear_z': 0, 'rotate_x': 0, 'rotate_y': 0, 'rotate_z': 0, 'servo_cam': 0, 'gripper': 0, 'led': 0, 'stabilization_depth': 0, 'stabilization_course': 0}
2023-10-12 16:23:57,365 : DEBUG : Send data: b'1500 1500 1500 1500 1500 1500 1500 1500 1500 1500 1000\n'
2023-10-12 16:23:57,566 : DEBUG : Data pult: {'linear_x': 0, 'linear_y': 0, 'linear_z': 0, 'rotate_x': 0, 'rotate_y': 0, 'rotate_z': 0, 'servo_cam': 0, 'gripper': 0, 'led': 0, 'stabilization_depth': 0, 'stabilization_course': 0}
2023-10-12 16:23:57,568 : DEBUG : Send data: b'1500 1500 1500 1500 1500 1500 1500 1500 1500 1500 1000\n'
2023-10-12 16:23:57,768 : DEBUG : Data pult: {'linear_x': 0, 'linear_y': 0, 'linear_z': 0, 'rotate_x': 0, 'rotate_y': 0, 'rotate_z': 0, 'servo_cam': 0, 'gripper': 0, 'led': 0, 'stabilization_depth': 0, 'stabilization_course': 0}
2023-10-12 16:23:57,770 : DEBUG : Send data: b'1500 1500 1500 1500 1500 1500 1500 1500 1500 1500 1000\n'
2023-10-12 16:23:57,971 : DEBUG : Data pult: {'linear_x': 0, 'linear_y': 0, 'linear_z': 0, 'rotate_x': 0, 'rotate_y': 0, 'rotate_z': 0, 'servo_cam': 0, 'gripper': 0, 'led': 0, 'stabilization_depth': 0, 'stabilization_course': 0}
2023-10-12 16:23:57,973 : DEBUG : Send data: b'1500 1500 1500 1500 1500 1500 1500 1500 1500 1500 1000\n'
2023-10-12 16:23:58,175 : DEBUG : Data pult: {'linear_x': 0, 'linear_y': 0, 'linear_z': 0, 'rotate_x': 0, 'rotate_y': 0, 'rotate_z': 0, 'servo_cam': 0, 'gripper': 0, 'led': 0, 'stabilization_depth': 0, 'stabilization_course': 0}
2023-10-12 16:23:58,176 : DEBUG : Send data: b'1500 1500 1500 1500 1500 1500 1500 1500 1500 1500 1000\n'
2023-10-12 16:23:58,377 : DEBUG : Data pult: {'linear_x': 0, 'linear_y': 0, 'linear_z': 0, 'rotate_x': 0, 'rotate_y': 0, 'rotate_z': 0, 'servo_cam': 0, 'gripper': 0, 'led': 0, 'stabilization_depth': 0, 'stabilization_course': 0}
2023-10-12 16:23:58,378 : DEBUG : Send data: b'1500 1500 1500 1500 1500 1500 1500 1500 1500 1500 1000\n'
2023-10-12 16:23:58,579 : DEBUG : Data pult: {'linear_x': 0, 'linear_y': 0, 'linear_z': 0, 'rotate_x': 0, 'rotate_y': 0, 'rotate_z': 0, 'servo_cam': 0, 'gripper': 0, 'led': 0, 'stabilization_depth': 0, 'stabilization_course': 0}
2023-10-12 16:23:58,580 : DEBUG : Send data: b'1500 1500 1500 1500 1500 1500 1500 1500 1500 1500 1000\n'
2023-10-12 16:23:58,781 : DEBUG : Data pult: {'linear_x': 0, 'linear_y': 0, 'linear_z': 0, 'rotate_x': 0, 'rotate_y': 0, 'rotate_z': 0, 'servo_cam': 0, 'gripper': 0, 'led': 0, 'stabilization_depth': 0, 'stabilization_course': 0}
2023-10-12 16:23:58,782 : DEBUG : Send data: b'1500 1500 1500 1500 1500 1500 1500 1500 1500 1500 1000\n'
2023-10-12 16:23:58,984 : DEBUG : Data pult: {'linear_x': 0, 'linear_y': 0, 'linear_z': 0, 'rotate_x': 0, 'rotate_y': 0, 'rotate_z': 0, 'servo_cam': 0, 'gripper': 0, 'led': 0, 'stabilization_depth': 0, 'stabilization_course': 0}
2023-10-12 16:23:58,985 : DEBUG : Send data: b'1500 1500 1500 1500 1500 1500 1500 1500 1500 1500 1000\n'
2023-10-12 16:23:59,187 : DEBUG : Data pult: {'linear_x': 0, 'linear_y': 0, 'linear_z': 0, 'rotate_x': 0, 'rotate_y': 0, 'rotate_z': 0, 'servo_cam': 0, 'gripper': 0, 'led': 0, 'stabilization_depth': 0, 'stabilization_course': 0}
2023-10-12 16:23:59,188 : DEBUG : Send data: b'1500 1500 1500 1500 1500 1500 1500 1500 1500 1500 1000\n'
2023-10-12 16:23:59,389 : DEBUG : Data pult: {'linear_x': 0, 'linear_y': 0, 'linear_z': 0, 'rotate_x': 0, 'rotate_y': 0, 'rotate_z': 0, 'servo_cam': 0, 'gripper': 0, 'led': 0, 'stabilization_depth': 0, 'stabilization_course': 0}
2023-10-12 16:23:59,390 : DEBUG : Send data: b'1500 1500 1500 1500 1500 1500 1500 1500 1500 1500 1000\n'
2023-10-12 16:23:59,591 : DEBUG : Data pult: {'linear_x': 0, 'linear_y': 0, 'linear_z': 0, 'rotate_x': 0, 'rotate_y': 0, 'rotate_z': 0, 'servo_cam': 0, 'gripper': 0, 'led': 0, 'stabilization_depth': 0, 'stabilization_course': 0}
2023-10-12 16:23:59,592 : DEBUG : Send data: b'1500 1500 1500 1500 1500 1500 1500 1500 1500 1500 1000\n'
2023-10-12 16:23:59,793 : DEBUG : Data pult: {'linear_x': 0, 'linear_y': 0, 'linear_z': 0, 'rotate_x': 0, 'rotate_y': 0, 'rotate_z': 0, 'servo_cam': 0, 'gripper': 0, 'led': 0, 'stabilization_depth': 0, 'stabilization_course': 0}
2023-10-12 16:23:59,794 : DEBUG : Send data: b'1500 1500 1500 1500 1500 1500 1500 1500 1500 1500 1000\n'
2023-10-12 16:23:59,996 : DEBUG : Data pult: {'linear_x': 0, 'linear_y': 0, 'linear_z': 0, 'rotate_x': 0, 'rotate_y': 0, 'rotate_z': 0, 'servo_cam': 0, 'gripper': 0, 'led': 0, 'stabilization_depth': 0, 'stabilization_course': 0}
2023-10-12 16:23:59,997 : DEBUG : Send data: b'1500 1500 1500 1500 1500 1500 1500 1500 1500 1500 1000\n'
2023-10-12 16:24:00,199 : DEBUG : Data pult: {'linear_x': 0, 'linear_y': 0, 'linear_z': 0, 'rotate_x': 0, 'rotate_y': 0, 'rotate_z': 0, 'servo_cam': 0, 'gripper': 0, 'led': 0, 'stabilization_depth': 0, 'stabilization_course': 0}
2023-10-12 16:24:00,200 : DEBUG : Send data: b'1500 1500 1500 1500 1500 1500 1500 1500 1500 1500 1000\n'
2023-10-12 16:24:00,401 : DEBUG : Data pult: {'linear_x': 0, 'linear_y': 0, 'linear_z': 0, 'rotate_x': 0, 'rotate_y': 0, 'rotate_z': 0, 'servo_cam': 0, 'gripper': 0, 'led': 0, 'stabilization_depth': 0, 'stabilization_course': 0}
2023-10-12 16:24:00,402 : DEBUG : Send data: b'1500 1500 1500 1500 1500 1500 1500 1500 1500 1500 1000\n'
2023-10-12 16:24:00,603 : DEBUG : Data pult: {'linear_x': 0, 'linear_y': 0, 'linear_z': 0, 'rotate_x': 0, 'rotate_y': 0, 'rotate_z': 0, 'servo_cam': 0, 'gripper': 0, 'led': 0, 'stabilization_depth': 0, 'stabilization_course': 0}
2023-10-12 16:24:00,605 : DEBUG : Send data: b'1500 1500 1500 1500 1500 1500 1500 1500 1500 1500 1000\n'
2023-10-12 16:24:00,805 : DEBUG : Data pult: {'linear_x': 0, 'linear_y': 0, 'linear_z': 0, 'rotate_x': 0, 'rotate_y': 0, 'rotate_z': 0, 'servo_cam': 0, 'gripper': 0, 'led': 0, 'stabilization_depth': 0, 'stabilization_course': 0}
2023-10-12 16:24:00,807 : DEBUG : Send data: b'1500 1500 1500 1500 1500 1500 1500 1500 1500 1500 1000\n'
2023-10-12 16:24:01,009 : DEBUG : Data pult: {'linear_x': 0, 'linear_y': 0, 'linear_z': 0, 'rotate_x': 0, 'rotate_y': 0, 'rotate_z': 0, 'servo_cam': 0, 'gripper': 0, 'led': 0, 'stabilization_depth': 0, 'stabilization_course': 0}
2023-10-12 16:24:01,010 : DEBUG : Send data: b'1500 1500 1500 1500 1500 1500 1500 1500 1500 1500 1000\n'
2023-10-12 16:24:01,211 : DEBUG : Data pult: {'linear_x': 0, 'linear_y': 0, 'linear_z': 0, 'rotate_x': 0, 'rotate_y': 0, 'rotate_z': 0, 'servo_cam': 0, 'gripper': 0, 'led': 0, 'stabilization_depth': 0, 'stabilization_course': 0}
2023-10-12 16:24:01,212 : DEBUG : Send data: b'1500 1500 1500 1500 1500 1500 1500 1500 1500 1500 1000\n'
2023-10-12 16:24:01,413 : DEBUG : Data pult: {'linear_x': 0, 'linear_y': 0, 'linear_z': 0, 'rotate_x': 0, 'rotate_y': 0, 'rotate_z': 0, 'servo_cam': 0, 'gripper': 0, 'led': 0, 'stabilization_depth': 0, 'stabilization_course': 0}
2023-10-12 16:24:01,414 : DEBUG : Send data: b'1500 1500 1500 1500 1500 1500 1500 1500 1500 1500 1000\n'
2023-10-12 16:24:01,616 : DEBUG : Data pult: {'linear_x': 0, 'linear_y': 0, 'linear_z': 0, 'rotate_x': 0, 'rotate_y': 0, 'rotate_z': 0, 'servo_cam': 0, 'gripper': 0, 'led': 0, 'stabilization_depth': 0, 'stabilization_course': 0}
2023-10-12 16:24:01,617 : DEBUG : Send data: b'1500 1500 1500 1500 1500 1500 1500 1500 1500 1500 1000\n'
2023-10-12 16:24:01,818 : DEBUG : Data pult: {'linear_x': 0, 'linear_y': 0, 'linear_z': 0, 'rotate_x': 0, 'rotate_y': 0, 'rotate_z': 0, 'servo_cam': 0, 'gripper': 0, 'led': 0, 'stabilization_depth': 0, 'stabilization_course': 0}
2023-10-12 16:24:01,819 : DEBUG : Send data: b'1500 1500 1500 1500 1500 1500 1500 1500 1500 1500 1000\n'
2023-10-12 16:24:02,021 : DEBUG : Data pult: {'linear_x': 0, 'linear_y': 0, 'linear_z': 0, 'rotate_x': 0, 'rotate_y': 0, 'rotate_z': 0, 'servo_cam': 0, 'gripper': 0, 'led': 0, 'stabilization_depth': 0, 'stabilization_course': 0}
2023-10-12 16:24:02,022 : DEBUG : Send data: b'1500 1500 1500 1500 1500 1500 1500 1500 1500 1500 1000\n'
2023-10-12 16:24:02,223 : DEBUG : Data pult: {'linear_x': 0, 'linear_y': 0, 'linear_z': 0, 'rotate_x': 0, 'rotate_y': 0, 'rotate_z': 0, 'servo_cam': 0, 'gripper': 0, 'led': 0, 'stabilization_depth': 0, 'stabilization_course': 0}
2023-10-12 16:24:02,224 : DEBUG : Send data: b'1500 1500 1500 1500 1500 1500 1500 1500 1500 1500 1000\n'
2023-10-12 16:24:02,426 : DEBUG : Data pult: {'linear_x': 0, 'linear_y': 0, 'linear_z': 0, 'rotate_x': 0, 'rotate_y': 0, 'rotate_z': 0, 'servo_cam': 0, 'gripper': 0, 'led': 0, 'stabilization_depth': 0, 'stabilization_course': 0}
2023-10-12 16:24:02,427 : DEBUG : Send data: b'1500 1500 1500 1500 1500 1500 1500 1500 1500 1500 1000\n'
2023-10-12 16:24:02,629 : DEBUG : Data pult: {'linear_x': 0, 'linear_y': 0, 'linear_z': 0, 'rotate_x': 0, 'rotate_y': 0, 'rotate_z': 0, 'servo_cam': 0, 'gripper': 0, 'led': 0, 'stabilization_depth': 0, 'stabilization_course': 0}
2023-10-12 16:24:02,630 : DEBUG : Send data: b'1500 1500 1500 1500 1500 1500 1500 1500 1500 1500 1000\n'
2023-10-12 16:24:02,831 : DEBUG : Data pult: {'linear_x': 0, 'linear_y': 0, 'linear_z': 0, 'rotate_x': 0, 'rotate_y': 0, 'rotate_z': 0, 'servo_cam': 0, 'gripper': 0, 'led': 0, 'stabilization_depth': 0, 'stabilization_course': 0}
2023-10-12 16:24:02,832 : DEBUG : Send data: b'1500 1500 1500 1500 1500 1500 1500 1500 1500 1500 1000\n'
2023-10-12 16:24:03,033 : DEBUG : Data pult: {'linear_x': 0, 'linear_y': 0, 'linear_z': 0, 'rotate_x': 0, 'rotate_y': 0, 'rotate_z': 0, 'servo_cam': 0, 'gripper': 0, 'led': 0, 'stabilization_depth': 0, 'stabilization_course': 0}
2023-10-12 16:24:03,035 : DEBUG : Send data: b'1500 1500 1500 1500 1500 1500 1500 1500 1500 1500 1000\n'
2023-10-12 16:24:03,236 : DEBUG : Data pult: {'linear_x': 0, 'linear_y': 0, 'linear_z': 0, 'rotate_x': 0, 'rotate_y': 0, 'rotate_z': 0, 'servo_cam': 0, 'gripper': 0, 'led': 0, 'stabilization_depth': 0, 'stabilization_course': 0}
2023-10-12 16:24:03,238 : DEBUG : Send data: b'1500 1500 1500 1500 1500 1500 1500 1500 1500 1500 1000\n'
2023-10-12 16:24:03,439 : DEBUG : Data pult: {'linear_x': 0, 'linear_y': 0, 'linear_z': 0, 'rotate_x': 0, 'rotate_y': 0, 'rotate_z': 0, 'servo_cam': 0, 'gripper': 0, 'led': 0, 'stabilization_depth': 0, 'stabilization_course': 0}
2023-10-12 16:24:03,441 : DEBUG : Send data: b'1500 1500 1500 1500 1500 1500 1500 1500 1500 1500 1000\n'
2023-10-12 16:24:03,641 : DEBUG : Data pult: {'linear_x': 0, 'linear_y': 0, 'linear_z': 0, 'rotate_x': 0, 'rotate_y': 0, 'rotate_z': 0, 'servo_cam': 0, 'gripper': 0, 'led': 0, 'stabilization_depth': 0, 'stabilization_course': 0}
2023-10-12 16:24:03,642 : DEBUG : Send data: b'1500 1500 1500 1500 1500 1500 1500 1500 1500 1500 1000\n'
2023-10-12 16:24:03,844 : DEBUG : Data pult: {'linear_x': 0, 'linear_y': 0, 'linear_z': 0, 'rotate_x': 0, 'rotate_y': 0, 'rotate_z': 0, 'servo_cam': 0, 'gripper': 0, 'led': 0, 'stabilization_depth': 0, 'stabilization_course': 0}
2023-10-12 16:24:03,845 : DEBUG : Send data: b'1500 1500 1500 1500 1500 1500 1500 1500 1500 1500 1000\n'
2023-10-12 16:24:04,047 : DEBUG : Data pult: {'linear_x': 0, 'linear_y': 0, 'linear_z': 0, 'rotate_x': 0, 'rotate_y': 0, 'rotate_z': 0, 'servo_cam': 0, 'gripper': 0, 'led': 0, 'stabilization_depth': 0, 'stabilization_course': 0}
2023-10-12 16:24:04,048 : DEBUG : Send data: b'1500 1500 1500 1500 1500 1500 1500 1500 1500 1500 1000\n'
2023-10-12 16:24:04,249 : DEBUG : Data pult: {'linear_x': 0, 'linear_y': 0, 'linear_z': 0, 'rotate_x': 0, 'rotate_y': 0, 'rotate_z': 0, 'servo_cam': 0, 'gripper': 0, 'led': 0, 'stabilization_depth': 0, 'stabilization_course': 0}
2023-10-12 16:24:04,250 : DEBUG : Send data: b'1500 1500 1500 1500 1500 1500 1500 1500 1500 1500 1000\n'
2023-10-12 16:24:04,451 : DEBUG : Data pult: {'linear_x': 0, 'linear_y': 0, 'linear_z': 0, 'rotate_x': 0, 'rotate_y': 0, 'rotate_z': 0, 'servo_cam': 0, 'gripper': 0, 'led': 0, 'stabilization_depth': 0, 'stabilization_course': 0}
2023-10-12 16:24:04,454 : DEBUG : Send data: b'1500 1500 1500 1500 1500 1500 1500 1500 1500 1500 1000\n'
2023-10-12 16:24:04,655 : DEBUG : Data pult: {'linear_x': 0, 'linear_y': 0, 'linear_z': 0, 'rotate_x': 0, 'rotate_y': 0, 'rotate_z': 0, 'servo_cam': 0, 'gripper': 0, 'led': 0, 'stabilization_depth': 0, 'stabilization_course': 0}
2023-10-12 16:24:04,657 : DEBUG : Send data: b'1500 1500 1500 1500 1500 1500 1500 1500 1500 1500 1000\n'
2023-10-12 16:24:04,858 : DEBUG : Data pult: {'linear_x': 0, 'linear_y': 0, 'linear_z': 0, 'rotate_x': 0, 'rotate_y': 0, 'rotate_z': 0, 'servo_cam': 0, 'gripper': 0, 'led': 0, 'stabilization_depth': 0, 'stabilization_course': 0}
2023-10-12 16:24:04,860 : DEBUG : Send data: b'1500 1500 1500 1500 1500 1500 1500 1500 1500 1500 1000\n'
2023-10-12 16:24:05,061 : DEBUG : Data pult: {'linear_x': 0, 'linear_y': 0, 'linear_z': 0, 'rotate_x': 0, 'rotate_y': 0, 'rotate_z': 0, 'servo_cam': 0, 'gripper': 0, 'led': 0, 'stabilization_depth': 0, 'stabilization_course': 0}
2023-10-12 16:24:05,062 : DEBUG : Send data: b'1500 1500 1500 1500 1500 1500 1500 1500 1500 1500 1000\n'
2023-10-12 16:24:05,263 : DEBUG : Data pult: {'linear_x': 0, 'linear_y': 0, 'linear_z': 0, 'rotate_x': 0, 'rotate_y': 0, 'rotate_z': 0, 'servo_cam': 0, 'gripper': 0, 'led': 0, 'stabilization_depth': 0, 'stabilization_course': 0}
2023-10-12 16:24:05,264 : DEBUG : Send data: b'1500 1500 1500 1500 1500 1500 1500 1500 1500 1500 1000\n'
2023-10-12 16:24:05,466 : DEBUG : Data pult: {'linear_x': 0, 'linear_y': 0, 'linear_z': 0, 'rotate_x': 0, 'rotate_y': 0, 'rotate_z': 0, 'servo_cam': 0, 'gripper': 0, 'led': 0, 'stabilization_depth': 0, 'stabilization_course': 0}
2023-10-12 16:24:05,467 : DEBUG : Send data: b'1500 1500 1500 1500 1500 1500 1500 1500 1500 1500 1000\n'
2023-10-12 16:24:05,668 : DEBUG : Data pult: {'linear_x': 0, 'linear_y': 0, 'linear_z': 0, 'rotate_x': 0, 'rotate_y': 0, 'rotate_z': 0, 'servo_cam': 0, 'gripper': 0, 'led': 0, 'stabilization_depth': 0, 'stabilization_course': 0}
2023-10-12 16:24:05,669 : DEBUG : Send data: b'1500 1500 1500 1500 1500 1500 1500 1500 1500 1500 1000\n'
2023-10-12 16:24:05,870 : DEBUG : Data pult: {'linear_x': 0, 'linear_y': 0, 'linear_z': 0, 'rotate_x': 0, 'rotate_y': 0, 'rotate_z': 0, 'servo_cam': 0, 'gripper': 0, 'led': 0, 'stabilization_depth': 0, 'stabilization_course': 0}
2023-10-12 16:24:05,872 : DEBUG : Send data: b'1500 1500 1500 1500 1500 1500 1500 1500 1500 1500 1000\n'
2023-10-12 16:24:06,074 : DEBUG : Data pult: {'linear_x': 0, 'linear_y': 0, 'linear_z': 0, 'rotate_x': 0, 'rotate_y': 0, 'rotate_z': 0, 'servo_cam': 0, 'gripper': 0, 'led': 0, 'stabilization_depth': 0, 'stabilization_course': 0}
2023-10-12 16:24:06,076 : DEBUG : Send data: b'1500 1500 1500 1500 1500 1500 1500 1500 1500 1500 1000\n'
2023-10-12 16:24:06,277 : DEBUG : Data pult: {'linear_x': 0, 'linear_y': 0, 'linear_z': 0, 'rotate_x': 0, 'rotate_y': 0, 'rotate_z': 0, 'servo_cam': 0, 'gripper': 0, 'led': 0, 'stabilization_depth': 0, 'stabilization_course': 0}
2023-10-12 16:24:06,278 : DEBUG : Send data: b'1500 1500 1500 1500 1500 1500 1500 1500 1500 1500 1000\n'
2023-10-12 16:24:06,479 : DEBUG : Data pult: {'linear_x': 0, 'linear_y': 0, 'linear_z': 0, 'rotate_x': 0, 'rotate_y': 0, 'rotate_z': 0, 'servo_cam': 0, 'gripper': 0, 'led': 0, 'stabilization_depth': 0, 'stabilization_course': 0}
2023-10-12 16:24:06,480 : DEBUG : Send data: b'1500 1500 1500 1500 1500 1500 1500 1500 1500 1500 1000\n'
2023-10-12 16:24:06,682 : DEBUG : Data pult: {'linear_x': 0, 'linear_y': 0, 'linear_z': 0, 'rotate_x': 0, 'rotate_y': 0, 'rotate_z': 0, 'servo_cam': 0, 'gripper': 0, 'led': 0, 'stabilization_depth': 0, 'stabilization_course': 0}
2023-10-12 16:24:06,682 : DEBUG : Send data: b'1500 1500 1500 1500 1500 1500 1500 1500 1500 1500 1000\n'
2023-10-12 16:24:06,883 : DEBUG : Data pult: {'linear_x': 0, 'linear_y': 0, 'linear_z': 0, 'rotate_x': 0, 'rotate_y': 0, 'rotate_z': 0, 'servo_cam': 0, 'gripper': 0, 'led': 0, 'stabilization_depth': 0, 'stabilization_course': 0}
2023-10-12 16:24:06,885 : DEBUG : Send data: b'1500 1500 1500 1500 1500 1500 1500 1500 1500 1500 1000\n'
2023-10-12 16:24:07,086 : DEBUG : Data pult: {'linear_x': 0, 'linear_y': 0, 'linear_z': 0, 'rotate_x': 0, 'rotate_y': 0, 'rotate_z': 0, 'servo_cam': 0, 'gripper': 0, 'led': 0, 'stabilization_depth': 0, 'stabilization_course': 0}
2023-10-12 16:24:07,088 : DEBUG : Send data: b'1500 1500 1500 1500 1500 1500 1500 1500 1500 1500 1000\n'
2023-10-12 16:24:07,289 : DEBUG : Data pult: {'linear_x': 0, 'linear_y': 0, 'linear_z': 0, 'rotate_x': 0, 'rotate_y': 0, 'rotate_z': 0, 'servo_cam': 0, 'gripper': 0, 'led': 0, 'stabilization_depth': 0, 'stabilization_course': 0}
2023-10-12 16:24:07,290 : DEBUG : Send data: b'1500 1500 1500 1500 1500 1500 1500 1500 1500 1500 1000\n'
2023-10-12 16:24:07,492 : DEBUG : Data pult: {'linear_x': 0, 'linear_y': 0, 'linear_z': 0, 'rotate_x': 0, 'rotate_y': 0, 'rotate_z': 0, 'servo_cam': 0, 'gripper': 0, 'led': 0, 'stabilization_depth': 0, 'stabilization_course': 0}
2023-10-12 16:24:07,494 : DEBUG : Send data: b'1500 1500 1500 1500 1500 1500 1500 1500 1500 1500 1000\n'
2023-10-12 16:24:07,695 : DEBUG : Data pult: {'linear_x': 0, 'linear_y': 0, 'linear_z': 0, 'rotate_x': 0, 'rotate_y': 0, 'rotate_z': 0, 'servo_cam': 0, 'gripper': 0, 'led': 0, 'stabilization_depth': 0, 'stabilization_course': 0}
2023-10-12 16:24:07,696 : DEBUG : Send data: b'1500 1500 1500 1500 1500 1500 1500 1500 1500 1500 1000\n'
2023-10-12 16:24:07,897 : DEBUG : Data pult: {'linear_x': 0, 'linear_y': 0, 'linear_z': 0, 'rotate_x': 0, 'rotate_y': 0, 'rotate_z': 0, 'servo_cam': 0, 'gripper': 0, 'led': 0, 'stabilization_depth': 0, 'stabilization_course': 0}
2023-10-12 16:24:07,899 : DEBUG : Send data: b'1500 1500 1500 1500 1500 1500 1500 1500 1500 1500 1000\n'
2023-10-12 16:24:08,101 : DEBUG : Data pult: {'linear_x': 0, 'linear_y': 0, 'linear_z': 0, 'rotate_x': 0, 'rotate_y': 0, 'rotate_z': 0, 'servo_cam': 0, 'gripper': 0, 'led': 0, 'stabilization_depth': 0, 'stabilization_course': 0}
2023-10-12 16:24:08,102 : DEBUG : Send data: b'1500 1500 1500 1500 1500 1500 1500 1500 1500 1500 1000\n'
2023-10-12 16:24:08,304 : DEBUG : Data pult: {'linear_x': 0, 'linear_y': 0, 'linear_z': 0, 'rotate_x': 0, 'rotate_y': 0, 'rotate_z': 0, 'servo_cam': 0, 'gripper': 0, 'led': 0, 'stabilization_depth': 0, 'stabilization_course': 0}
2023-10-12 16:24:08,305 : DEBUG : Send data: b'1500 1500 1500 1500 1500 1500 1500 1500 1500 1500 1000\n'
2023-10-12 16:24:08,506 : DEBUG : Data pult: {'linear_x': 0, 'linear_y': 0, 'linear_z': 0, 'rotate_x': 0, 'rotate_y': 0, 'rotate_z': 0, 'servo_cam': 0, 'gripper': 0, 'led': 0, 'stabilization_depth': 0, 'stabilization_course': 0}
2023-10-12 16:24:08,508 : DEBUG : Send data: b'1500 1500 1500 1500 1500 1500 1500 1500 1500 1500 1000\n'
2023-10-12 16:24:08,709 : DEBUG : Data pult: {'linear_x': 0, 'linear_y': 0, 'linear_z': 0, 'rotate_x': 0, 'rotate_y': 0, 'rotate_z': 0, 'servo_cam': 0, 'gripper': 0, 'led': 0, 'stabilization_depth': 0, 'stabilization_course': 0}
2023-10-12 16:24:08,710 : DEBUG : Send data: b'1500 1500 1500 1500 1500 1500 1500 1500 1500 1500 1000\n'
2023-10-12 16:24:08,912 : DEBUG : Data pult: {'linear_x': 0, 'linear_y': 0, 'linear_z': 0, 'rotate_x': 0, 'rotate_y': 0, 'rotate_z': 0, 'servo_cam': 0, 'gripper': 0, 'led': 0, 'stabilization_depth': 0, 'stabilization_course': 0}
2023-10-12 16:24:08,912 : DEBUG : Send data: b'1500 1500 1500 1500 1500 1500 1500 1500 1500 1500 1000\n'
2023-10-12 16:24:09,114 : DEBUG : Data pult: {'linear_x': 0, 'linear_y': 0, 'linear_z': 0, 'rotate_x': 0, 'rotate_y': 0, 'rotate_z': 0, 'servo_cam': 0, 'gripper': 0, 'led': 0, 'stabilization_depth': 0, 'stabilization_course': 0}
2023-10-12 16:24:09,115 : DEBUG : Send data: b'1500 1500 1500 1500 1500 1500 1500 1500 1500 1500 1000\n'
2023-10-12 16:24:09,316 : DEBUG : Data pult: {'linear_x': 0, 'linear_y': 0, 'linear_z': 0, 'rotate_x': 0, 'rotate_y': 0, 'rotate_z': 0, 'servo_cam': 0, 'gripper': 0, 'led': 0, 'stabilization_depth': 0, 'stabilization_course': 0}
2023-10-12 16:24:09,318 : DEBUG : Send data: b'1500 1500 1500 1500 1500 1500 1500 1500 1500 1500 1000\n'
2023-10-12 16:24:09,519 : DEBUG : Data pult: {'linear_x': 0, 'linear_y': 0, 'linear_z': 0, 'rotate_x': 0, 'rotate_y': 0, 'rotate_z': 0, 'servo_cam': 0, 'gripper': 0, 'led': 0, 'stabilization_depth': 0, 'stabilization_course': 0}
2023-10-12 16:24:09,521 : DEBUG : Send data: b'1500 1500 1500 1500 1500 1500 1500 1500 1500 1500 1000\n'
2023-10-12 16:24:09,722 : DEBUG : Data pult: {'linear_x': 0, 'linear_y': 0, 'linear_z': 0, 'rotate_x': 0, 'rotate_y': 0, 'rotate_z': 0, 'servo_cam': 0, 'gripper': 0, 'led': 0, 'stabilization_depth': 0, 'stabilization_course': 0}
2023-10-12 16:24:09,724 : DEBUG : Send data: b'1500 1500 1500 1500 1500 1500 1500 1500 1500 1500 1000\n'
2023-10-12 16:24:09,925 : DEBUG : Data pult: {'linear_x': 0, 'linear_y': 0, 'linear_z': 0, 'rotate_x': 0, 'rotate_y': 0, 'rotate_z': 0, 'servo_cam': 0, 'gripper': 0, 'led': 0, 'stabilization_depth': 0, 'stabilization_course': 0}
2023-10-12 16:24:09,926 : DEBUG : Send data: b'1500 1500 1500 1500 1500 1500 1500 1500 1500 1500 1000\n'
2023-10-12 16:24:10,128 : DEBUG : Data pult: {'linear_x': 0, 'linear_y': 0, 'linear_z': 0, 'rotate_x': 0, 'rotate_y': 0, 'rotate_z': 0, 'servo_cam': 0, 'gripper': 0, 'led': 0, 'stabilization_depth': 0, 'stabilization_course': 0}
2023-10-12 16:24:10,129 : DEBUG : Send data: b'1500 1500 1500 1500 1500 1500 1500 1500 1500 1500 1000\n'
2023-10-12 16:24:10,330 : DEBUG : Data pult: {'linear_x': 0, 'linear_y': 0, 'linear_z': 0, 'rotate_x': 0, 'rotate_y': 0, 'rotate_z': 0, 'servo_cam': 0, 'gripper': 0, 'led': 0, 'stabilization_depth': 0, 'stabilization_course': 0}
2023-10-12 16:24:10,331 : DEBUG : Send data: b'1500 1500 1500 1500 1500 1500 1500 1500 1500 1500 1000\n'
2023-10-12 16:24:10,531 : DEBUG : Data pult: {'linear_x': 0, 'linear_y': 0, 'linear_z': 0, 'rotate_x': 0, 'rotate_y': 0, 'rotate_z': 0, 'servo_cam': 0, 'gripper': 0, 'led': 0, 'stabilization_depth': 0, 'stabilization_course': 0}
2023-10-12 16:24:10,532 : DEBUG : Send data: b'1500 1500 1500 1500 1500 1500 1500 1500 1500 1500 1000\n'
2023-10-12 16:24:10,733 : DEBUG : Data pult: {'linear_x': 0, 'linear_y': 0, 'linear_z': 0, 'rotate_x': 0, 'rotate_y': 0, 'rotate_z': 0, 'servo_cam': 0, 'gripper': 0, 'led': 0, 'stabilization_depth': 0, 'stabilization_course': 0}
2023-10-12 16:24:10,734 : DEBUG : Send data: b'1500 1500 1500 1500 1500 1500 1500 1500 1500 1500 1000\n'
2023-10-12 16:24:10,936 : DEBUG : Data pult: {'linear_x': 0, 'linear_y': 0, 'linear_z': 0, 'rotate_x': 0, 'rotate_y': 0, 'rotate_z': 0, 'servo_cam': 0, 'gripper': 0, 'led': 0, 'stabilization_depth': 0, 'stabilization_course': 0}
2023-10-12 16:24:10,938 : DEBUG : Send data: b'1500 1500 1500 1500 1500 1500 1500 1500 1500 1500 1000\n'
2023-10-12 16:24:11,139 : DEBUG : Data pult: {'linear_x': 0, 'linear_y': 0, 'linear_z': 0, 'rotate_x': 0, 'rotate_y': 0, 'rotate_z': 0, 'servo_cam': 0, 'gripper': 0, 'led': 0, 'stabilization_depth': 0, 'stabilization_course': 0}
2023-10-12 16:24:11,140 : DEBUG : Send data: b'1500 1500 1500 1500 1500 1500 1500 1500 1500 1500 1000\n'
2023-10-12 16:24:11,341 : DEBUG : Data pult: {'linear_x': 0, 'linear_y': 0, 'linear_z': 0, 'rotate_x': 0, 'rotate_y': 0, 'rotate_z': 0, 'servo_cam': 0, 'gripper': 0, 'led': 0, 'stabilization_depth': 0, 'stabilization_course': 0}
2023-10-12 16:24:11,342 : DEBUG : Send data: b'1500 1500 1500 1500 1500 1500 1500 1500 1500 1500 1000\n'
2023-10-12 16:24:11,544 : DEBUG : Data pult: {'linear_x': 0, 'linear_y': 0, 'linear_z': 0, 'rotate_x': 0, 'rotate_y': 0, 'rotate_z': 0, 'servo_cam': 0, 'gripper': 0, 'led': 0, 'stabilization_depth': 0, 'stabilization_course': 0}
2023-10-12 16:24:11,545 : DEBUG : Send data: b'1500 1500 1500 1500 1500 1500 1500 1500 1500 1500 1000\n'
2023-10-12 16:24:11,746 : DEBUG : Data pult: {'linear_x': 0, 'linear_y': 0, 'linear_z': 0, 'rotate_x': 0, 'rotate_y': 0, 'rotate_z': 0, 'servo_cam': 0, 'gripper': 0, 'led': 0, 'stabilization_depth': 0, 'stabilization_course': 0}
2023-10-12 16:24:11,747 : DEBUG : Send data: b'1500 1500 1500 1500 1500 1500 1500 1500 1500 1500 1000\n'
2023-10-12 16:24:11,948 : DEBUG : Data pult: {'linear_x': 0, 'linear_y': 0, 'linear_z': 0, 'rotate_x': 0, 'rotate_y': 0, 'rotate_z': 0, 'servo_cam': 0, 'gripper': 0, 'led': 0, 'stabilization_depth': 0, 'stabilization_course': 0}
2023-10-12 16:24:11,949 : DEBUG : Send data: b'1500 1500 1500 1500 1500 1500 1500 1500 1500 1500 1000\n'
2023-10-12 16:24:12,150 : DEBUG : Data pult: {'linear_x': 0, 'linear_y': 0, 'linear_z': 0, 'rotate_x': 0, 'rotate_y': 0, 'rotate_z': 0, 'servo_cam': 0, 'gripper': 0, 'led': 0, 'stabilization_depth': 0, 'stabilization_course': 0}
2023-10-12 16:24:12,152 : DEBUG : Send data: b'1500 1500 1500 1500 1500 1500 1500 1500 1500 1500 1000\n'
2023-10-12 16:24:12,354 : DEBUG : Data pult: {'linear_x': 0, 'linear_y': 0, 'linear_z': 0, 'rotate_x': 0, 'rotate_y': 0, 'rotate_z': 0, 'servo_cam': 0, 'gripper': 0, 'led': 0, 'stabilization_depth': 0, 'stabilization_course': 0}
2023-10-12 16:24:12,356 : DEBUG : Send data: b'1500 1500 1500 1500 1500 1500 1500 1500 1500 1500 1000\n'
2023-10-12 16:24:12,557 : DEBUG : Data pult: {'linear_x': 0, 'linear_y': 0, 'linear_z': 0, 'rotate_x': 0, 'rotate_y': 0, 'rotate_z': 0, 'servo_cam': 0, 'gripper': 0, 'led': 0, 'stabilization_depth': 0, 'stabilization_course': 0}
2023-10-12 16:24:12,558 : DEBUG : Send data: b'1500 1500 1500 1500 1500 1500 1500 1500 1500 1500 1000\n'
2023-10-12 16:24:12,760 : DEBUG : Data pult: {'linear_x': 0, 'linear_y': 0, 'linear_z': 0, 'rotate_x': 0, 'rotate_y': 0, 'rotate_z': 0, 'servo_cam': 0, 'gripper': 0, 'led': 0, 'stabilization_depth': 0, 'stabilization_course': 0}
2023-10-12 16:24:12,761 : DEBUG : Send data: b'1500 1500 1500 1500 1500 1500 1500 1500 1500 1500 1000\n'
2023-10-12 16:24:12,963 : DEBUG : Data pult: {'linear_x': 0, 'linear_y': 0, 'linear_z': 0, 'rotate_x': 0, 'rotate_y': 0, 'rotate_z': 0, 'servo_cam': 0, 'gripper': 0, 'led': 0, 'stabilization_depth': 0, 'stabilization_course': 0}
2023-10-12 16:24:12,964 : DEBUG : Send data: b'1500 1500 1500 1500 1500 1500 1500 1500 1500 1500 1000\n'
2023-10-12 16:24:13,166 : DEBUG : Data pult: {'linear_x': 0, 'linear_y': 0, 'linear_z': 0, 'rotate_x': 0, 'rotate_y': 0, 'rotate_z': 0, 'servo_cam': 0, 'gripper': 0, 'led': 0, 'stabilization_depth': 0, 'stabilization_course': 0}
2023-10-12 16:24:13,167 : DEBUG : Send data: b'1500 1500 1500 1500 1500 1500 1500 1500 1500 1500 1000\n'
2023-10-12 16:24:13,369 : DEBUG : Data pult: {'linear_x': 0, 'linear_y': 0, 'linear_z': 0, 'rotate_x': 0, 'rotate_y': 0, 'rotate_z': 0, 'servo_cam': 0, 'gripper': 0, 'led': 0, 'stabilization_depth': 0, 'stabilization_course': 0}
2023-10-12 16:24:13,372 : DEBUG : Send data: b'1500 1500 1500 1500 1500 1500 1500 1500 1500 1500 1000\n'
2023-10-12 16:24:13,573 : DEBUG : Data pult: {'linear_x': 0, 'linear_y': 0, 'linear_z': 0, 'rotate_x': 0, 'rotate_y': 0, 'rotate_z': 0, 'servo_cam': 0, 'gripper': 0, 'led': 0, 'stabilization_depth': 0, 'stabilization_course': 0}
2023-10-12 16:24:13,574 : DEBUG : Send data: b'1500 1500 1500 1500 1500 1500 1500 1500 1500 1500 1000\n'
2023-10-12 16:24:13,775 : DEBUG : Data pult: {'linear_x': 0, 'linear_y': 0, 'linear_z': 0, 'rotate_x': 0, 'rotate_y': 0, 'rotate_z': 0, 'servo_cam': 0, 'gripper': 0, 'led': 0, 'stabilization_depth': 0, 'stabilization_course': 0}
2023-10-12 16:24:13,776 : DEBUG : Send data: b'1500 1500 1500 1500 1500 1500 1500 1500 1500 1500 1000\n'
2023-10-12 16:24:13,977 : DEBUG : Data pult: {'linear_x': 0, 'linear_y': 0, 'linear_z': 0, 'rotate_x': 0, 'rotate_y': 0, 'rotate_z': 0, 'servo_cam': 0, 'gripper': 0, 'led': 0, 'stabilization_depth': 0, 'stabilization_course': 0}
2023-10-12 16:24:13,978 : DEBUG : Send data: b'1500 1500 1500 1500 1500 1500 1500 1500 1500 1500 1000\n'
2023-10-12 16:24:14,179 : DEBUG : Data pult: {'linear_x': 0, 'linear_y': 0, 'linear_z': 0, 'rotate_x': 0, 'rotate_y': 0, 'rotate_z': 0, 'servo_cam': 0, 'gripper': 0, 'led': 0, 'stabilization_depth': 0, 'stabilization_course': 0}
2023-10-12 16:24:14,180 : DEBUG : Send data: b'1500 1500 1500 1500 1500 1500 1500 1500 1500 1500 1000\n'
2023-10-12 16:24:14,381 : DEBUG : Data pult: {'linear_x': 0, 'linear_y': 0, 'linear_z': 0, 'rotate_x': 0, 'rotate_y': 0, 'rotate_z': 0, 'servo_cam': 0, 'gripper': 0, 'led': 0, 'stabilization_depth': 0, 'stabilization_course': 0}
2023-10-12 16:24:14,382 : DEBUG : Send data: b'1500 1500 1500 1500 1500 1500 1500 1500 1500 1500 1000\n'
2023-10-12 16:24:14,584 : DEBUG : Data pult: {'linear_x': 0, 'linear_y': 0, 'linear_z': 0, 'rotate_x': 0, 'rotate_y': 0, 'rotate_z': 0, 'servo_cam': 0, 'gripper': 0, 'led': 0, 'stabilization_depth': 0, 'stabilization_course': 0}
2023-10-12 16:24:14,586 : DEBUG : Send data: b'1500 1500 1500 1500 1500 1500 1500 1500 1500 1500 1000\n'
2023-10-12 16:24:14,787 : DEBUG : Data pult: {'linear_x': 0, 'linear_y': 0, 'linear_z': 0, 'rotate_x': 0, 'rotate_y': 0, 'rotate_z': 0, 'servo_cam': 0, 'gripper': 0, 'led': 0, 'stabilization_depth': 0, 'stabilization_course': 0}
2023-10-12 16:24:14,788 : DEBUG : Send data: b'1500 1500 1500 1500 1500 1500 1500 1500 1500 1500 1000\n'
2023-10-12 16:24:14,989 : DEBUG : Data pult: {'linear_x': 0, 'linear_y': 0, 'linear_z': 0, 'rotate_x': 0, 'rotate_y': 0, 'rotate_z': 0, 'servo_cam': 0, 'gripper': 0, 'led': 0, 'stabilization_depth': 0, 'stabilization_course': 0}
2023-10-12 16:24:14,990 : DEBUG : Send data: b'1500 1500 1500 1500 1500 1500 1500 1500 1500 1500 1000\n'
2023-10-12 16:24:15,192 : DEBUG : Data pult: {'linear_x': 0, 'linear_y': 0, 'linear_z': 0, 'rotate_x': 0, 'rotate_y': 0, 'rotate_z': 0, 'servo_cam': 0, 'gripper': 0, 'led': 0, 'stabilization_depth': 0, 'stabilization_course': 0}
2023-10-12 16:24:15,193 : DEBUG : Send data: b'1500 1500 1500 1500 1500 1500 1500 1500 1500 1500 1000\n'
2023-10-12 16:24:15,394 : DEBUG : Data pult: {'linear_x': 0, 'linear_y': 0, 'linear_z': 0, 'rotate_x': 0, 'rotate_y': 0, 'rotate_z': 0, 'servo_cam': 0, 'gripper': 0, 'led': 0, 'stabilization_depth': 0, 'stabilization_course': 0}
2023-10-12 16:24:15,396 : DEBUG : Send data: b'1500 1500 1500 1500 1500 1500 1500 1500 1500 1500 1000\n'
2023-10-12 16:24:15,597 : DEBUG : Data pult: {'linear_x': 0, 'linear_y': 0, 'linear_z': 0, 'rotate_x': 0, 'rotate_y': 0, 'rotate_z': 0, 'servo_cam': 0, 'gripper': 0, 'led': 0, 'stabilization_depth': 0, 'stabilization_course': 0}
2023-10-12 16:24:15,598 : DEBUG : Send data: b'1500 1500 1500 1500 1500 1500 1500 1500 1500 1500 1000\n'
2023-10-12 16:24:15,798 : DEBUG : Data pult: {'linear_x': 0, 'linear_y': 0, 'linear_z': 0, 'rotate_x': 0, 'rotate_y': 0, 'rotate_z': 0, 'servo_cam': 0, 'gripper': 0, 'led': 0, 'stabilization_depth': 0, 'stabilization_course': 0}
2023-10-12 16:24:15,799 : DEBUG : Send data: b'1500 1500 1500 1500 1500 1500 1500 1500 1500 1500 1000\n'
2023-10-12 16:24:16,001 : DEBUG : Data pult: {'linear_x': 0, 'linear_y': 0, 'linear_z': 0, 'rotate_x': 0, 'rotate_y': 0, 'rotate_z': 0, 'servo_cam': 0, 'gripper': 0, 'led': 0, 'stabilization_depth': 0, 'stabilization_course': 0}
2023-10-12 16:24:16,003 : DEBUG : Send data: b'1500 1500 1500 1500 1500 1500 1500 1500 1500 1500 1000\n'
2023-10-12 16:24:16,204 : DEBUG : Data pult: {'linear_x': 0, 'linear_y': 0, 'linear_z': 0, 'rotate_x': 0, 'rotate_y': 0, 'rotate_z': 0, 'servo_cam': 0, 'gripper': 0, 'led': 0, 'stabilization_depth': 0, 'stabilization_course': 0}
2023-10-12 16:24:16,206 : DEBUG : Send data: b'1500 1500 1500 1500 1500 1500 1500 1500 1500 1500 1000\n'
2023-10-12 16:24:16,407 : DEBUG : Data pult: {'linear_x': 0, 'linear_y': 0, 'linear_z': 0, 'rotate_x': 0, 'rotate_y': 0, 'rotate_z': 0, 'servo_cam': 0, 'gripper': 0, 'led': 0, 'stabilization_depth': 0, 'stabilization_course': 0}
2023-10-12 16:24:16,409 : DEBUG : Send data: b'1500 1500 1500 1500 1500 1500 1500 1500 1500 1500 1000\n'
2023-10-12 16:24:16,610 : DEBUG : Data pult: {'linear_x': 0, 'linear_y': 0, 'linear_z': 0, 'rotate_x': 0, 'rotate_y': 0, 'rotate_z': 0, 'servo_cam': 0, 'gripper': 0, 'led': 0, 'stabilization_depth': 0, 'stabilization_course': 0}
2023-10-12 16:24:16,611 : DEBUG : Send data: b'1500 1500 1500 1500 1500 1500 1500 1500 1500 1500 1000\n'
2023-10-12 16:24:16,812 : DEBUG : Data pult: {'linear_x': 0, 'linear_y': 0, 'linear_z': 0, 'rotate_x': 0, 'rotate_y': 0, 'rotate_z': 0, 'servo_cam': 0, 'gripper': 0, 'led': 0, 'stabilization_depth': 0, 'stabilization_course': 0}
2023-10-12 16:24:16,813 : DEBUG : Send data: b'1500 1500 1500 1500 1500 1500 1500 1500 1500 1500 1000\n'
2023-10-12 16:24:17,015 : DEBUG : Data pult: {'linear_x': 0, 'linear_y': 0, 'linear_z': 0, 'rotate_x': 0, 'rotate_y': 0, 'rotate_z': 0, 'servo_cam': 0, 'gripper': 0, 'led': 0, 'stabilization_depth': 0, 'stabilization_course': 0}
2023-10-12 16:24:17,016 : DEBUG : Send data: b'1500 1500 1500 1500 1500 1500 1500 1500 1500 1500 1000\n'
2023-10-12 16:24:17,217 : DEBUG : Data pult: {'linear_x': 0, 'linear_y': 0, 'linear_z': 0, 'rotate_x': 0, 'rotate_y': 0, 'rotate_z': 0, 'servo_cam': 0, 'gripper': 0, 'led': 0, 'stabilization_depth': 0, 'stabilization_course': 0}
2023-10-12 16:24:17,218 : DEBUG : Send data: b'1500 1500 1500 1500 1500 1500 1500 1500 1500 1500 1000\n'
2023-10-12 16:24:17,419 : DEBUG : Data pult: {'linear_x': 0, 'linear_y': 0, 'linear_z': 0, 'rotate_x': 0, 'rotate_y': 0, 'rotate_z': 0, 'servo_cam': 0, 'gripper': 0, 'led': 0, 'stabilization_depth': 0, 'stabilization_course': 0}
2023-10-12 16:24:17,421 : DEBUG : Send data: b'1500 1500 1500 1500 1500 1500 1500 1500 1500 1500 1000\n'
2023-10-12 16:24:17,621 : DEBUG : Data pult: {'linear_x': 0, 'linear_y': 0, 'linear_z': 0, 'rotate_x': 0, 'rotate_y': 0, 'rotate_z': 0, 'servo_cam': 0, 'gripper': 0, 'led': 0, 'stabilization_depth': 0, 'stabilization_course': 0}
2023-10-12 16:24:17,622 : DEBUG : Send data: b'1500 1500 1500 1500 1500 1500 1500 1500 1500 1500 1000\n'
2023-10-12 16:24:17,825 : DEBUG : Data pult: {'linear_x': 0, 'linear_y': 0, 'linear_z': 0, 'rotate_x': 0, 'rotate_y': 0, 'rotate_z': 0, 'servo_cam': 0, 'gripper': 0, 'led': 0, 'stabilization_depth': 0, 'stabilization_course': 0}
2023-10-12 16:24:17,826 : DEBUG : Send data: b'1500 1500 1500 1500 1500 1500 1500 1500 1500 1500 1000\n'
2023-10-12 16:24:18,028 : DEBUG : Data pult: {'linear_x': 0, 'linear_y': 0, 'linear_z': 0, 'rotate_x': 0, 'rotate_y': 0, 'rotate_z': 0, 'servo_cam': 0, 'gripper': 0, 'led': 0, 'stabilization_depth': 0, 'stabilization_course': 0}
2023-10-12 16:24:18,029 : DEBUG : Send data: b'1500 1500 1500 1500 1500 1500 1500 1500 1500 1500 1000\n'
2023-10-12 16:24:18,230 : DEBUG : Data pult: {'linear_x': 0, 'linear_y': 0, 'linear_z': 0, 'rotate_x': 0, 'rotate_y': 0, 'rotate_z': 0, 'servo_cam': 0, 'gripper': 0, 'led': 0, 'stabilization_depth': 0, 'stabilization_course': 0}
2023-10-12 16:24:18,231 : DEBUG : Send data: b'1500 1500 1500 1500 1500 1500 1500 1500 1500 1500 1000\n'
2023-10-12 16:24:18,433 : DEBUG : Data pult: {'linear_x': 0, 'linear_y': 0, 'linear_z': 0, 'rotate_x': 0, 'rotate_y': 0, 'rotate_z': 0, 'servo_cam': 0, 'gripper': 0, 'led': 0, 'stabilization_depth': 0, 'stabilization_course': 0}
2023-10-12 16:24:18,434 : DEBUG : Send data: b'1500 1500 1500 1500 1500 1500 1500 1500 1500 1500 1000\n'
2023-10-12 16:24:18,635 : DEBUG : Data pult: {'linear_x': 0, 'linear_y': 0, 'linear_z': 0, 'rotate_x': 0, 'rotate_y': 0, 'rotate_z': 0, 'servo_cam': 0, 'gripper': 0, 'led': 0, 'stabilization_depth': 0, 'stabilization_course': 0}
2023-10-12 16:24:18,636 : DEBUG : Send data: b'1500 1500 1500 1500 1500 1500 1500 1500 1500 1500 1000\n'
2023-10-12 16:24:18,837 : DEBUG : Data pult: {'linear_x': 0, 'linear_y': 0, 'linear_z': 0, 'rotate_x': 0, 'rotate_y': 0, 'rotate_z': 0, 'servo_cam': 0, 'gripper': 0, 'led': 0, 'stabilization_depth': 0, 'stabilization_course': 0}
2023-10-12 16:24:18,839 : DEBUG : Send data: b'1500 1500 1500 1500 1500 1500 1500 1500 1500 1500 1000\n'
2023-10-12 16:24:19,040 : DEBUG : Data pult: {'linear_x': 0, 'linear_y': 0, 'linear_z': 0, 'rotate_x': 0, 'rotate_y': 0, 'rotate_z': 0, 'servo_cam': 0, 'gripper': 0, 'led': 0, 'stabilization_depth': 0, 'stabilization_course': 0}
2023-10-12 16:24:19,041 : DEBUG : Send data: b'1500 1500 1500 1500 1500 1500 1500 1500 1500 1500 1000\n'
2023-10-12 16:24:19,243 : DEBUG : Data pult: {'linear_x': 0, 'linear_y': 0, 'linear_z': 0, 'rotate_x': 0, 'rotate_y': 0, 'rotate_z': 0, 'servo_cam': 0, 'gripper': 0, 'led': 0, 'stabilization_depth': 0, 'stabilization_course': 0}
2023-10-12 16:24:19,244 : DEBUG : Send data: b'1500 1500 1500 1500 1500 1500 1500 1500 1500 1500 1000\n'
2023-10-12 16:24:19,445 : DEBUG : Data pult: {'linear_x': 0, 'linear_y': 0, 'linear_z': 0, 'rotate_x': 0, 'rotate_y': 0, 'rotate_z': 0, 'servo_cam': 0, 'gripper': 0, 'led': 0, 'stabilization_depth': 0, 'stabilization_course': 0}
2023-10-12 16:24:19,447 : DEBUG : Send data: b'1500 1500 1500 1500 1500 1500 1500 1500 1500 1500 1000\n'
2023-10-12 16:24:19,648 : DEBUG : Data pult: {'linear_x': 0, 'linear_y': 0, 'linear_z': 0, 'rotate_x': 0, 'rotate_y': 0, 'rotate_z': 0, 'servo_cam': 0, 'gripper': 0, 'led': 0, 'stabilization_depth': 0, 'stabilization_course': 0}
2023-10-12 16:24:19,649 : DEBUG : Send data: b'1500 1500 1500 1500 1500 1500 1500 1500 1500 1500 1000\n'
2023-10-12 16:24:19,851 : DEBUG : Data pult: {'linear_x': 0, 'linear_y': 0, 'linear_z': 0, 'rotate_x': 0, 'rotate_y': 0, 'rotate_z': 0, 'servo_cam': 0, 'gripper': 0, 'led': 0, 'stabilization_depth': 0, 'stabilization_course': 0}
2023-10-12 16:24:19,852 : DEBUG : Send data: b'1500 1500 1500 1500 1500 1500 1500 1500 1500 1500 1000\n'
2023-10-12 16:24:20,053 : DEBUG : Data pult: {'linear_x': 0, 'linear_y': 0, 'linear_z': 0, 'rotate_x': 0, 'rotate_y': 0, 'rotate_z': 0, 'servo_cam': 0, 'gripper': 0, 'led': 0, 'stabilization_depth': 0, 'stabilization_course': 0}
2023-10-12 16:24:20,054 : DEBUG : Send data: b'1500 1500 1500 1500 1500 1500 1500 1500 1500 1500 1000\n'
2023-10-12 16:24:20,256 : DEBUG : Data pult: {'linear_x': 0, 'linear_y': 0, 'linear_z': 0, 'rotate_x': 0, 'rotate_y': 0, 'rotate_z': 0, 'servo_cam': 0, 'gripper': 0, 'led': 0, 'stabilization_depth': 0, 'stabilization_course': 0}
2023-10-12 16:24:20,257 : DEBUG : Send data: b'1500 1500 1500 1500 1500 1500 1500 1500 1500 1500 1000\n'
2023-10-12 16:24:20,458 : DEBUG : Data pult: {'linear_x': 0, 'linear_y': 0, 'linear_z': 0, 'rotate_x': 0, 'rotate_y': 0, 'rotate_z': 0, 'servo_cam': 0, 'gripper': 0, 'led': 0, 'stabilization_depth': 0, 'stabilization_course': 0}
2023-10-12 16:24:20,460 : DEBUG : Send data: b'1500 1500 1500 1500 1500 1500 1500 1500 1500 1500 1000\n'
2023-10-12 16:24:20,662 : DEBUG : Data pult: {'linear_x': 0, 'linear_y': 0, 'linear_z': 0, 'rotate_x': 0, 'rotate_y': 0, 'rotate_z': 0, 'servo_cam': 0, 'gripper': 0, 'led': 0, 'stabilization_depth': 0, 'stabilization_course': 0}
2023-10-12 16:24:20,663 : DEBUG : Send data: b'1500 1500 1500 1500 1500 1500 1500 1500 1500 1500 1000\n'
2023-10-12 16:24:20,864 : DEBUG : Data pult: {'linear_x': 0, 'linear_y': 0, 'linear_z': 0, 'rotate_x': 0, 'rotate_y': 0, 'rotate_z': 0, 'servo_cam': 0, 'gripper': 0, 'led': 0, 'stabilization_depth': 0, 'stabilization_course': 0}
2023-10-12 16:24:20,866 : DEBUG : Send data: b'1500 1500 1500 1500 1500 1500 1500 1500 1500 1500 1000\n'
2023-10-12 16:24:21,067 : DEBUG : Data pult: {'linear_x': 0, 'linear_y': 0, 'linear_z': 0, 'rotate_x': 0, 'rotate_y': 0, 'rotate_z': 0, 'servo_cam': 0, 'gripper': 0, 'led': 0, 'stabilization_depth': 0, 'stabilization_course': 0}
2023-10-12 16:24:21,069 : DEBUG : Send data: b'1500 1500 1500 1500 1500 1500 1500 1500 1500 1500 1000\n'
2023-10-12 16:24:21,271 : DEBUG : Data pult: {'linear_x': 0, 'linear_y': 0, 'linear_z': 0, 'rotate_x': 0, 'rotate_y': 0, 'rotate_z': 0, 'servo_cam': 0, 'gripper': 0, 'led': 0, 'stabilization_depth': 0, 'stabilization_course': 0}
2023-10-12 16:24:21,273 : DEBUG : Send data: b'1500 1500 1500 1500 1500 1500 1500 1500 1500 1500 1000\n'
2023-10-12 16:24:21,475 : DEBUG : Data pult: {'linear_x': 0, 'linear_y': 0, 'linear_z': 0, 'rotate_x': 0, 'rotate_y': 0, 'rotate_z': 0, 'servo_cam': 0, 'gripper': 0, 'led': 0, 'stabilization_depth': 0, 'stabilization_course': 0}
2023-10-12 16:24:21,476 : DEBUG : Send data: b'1500 1500 1500 1500 1500 1500 1500 1500 1500 1500 1000\n'
2023-10-12 16:24:21,677 : DEBUG : Data pult: {'linear_x': 0, 'linear_y': 0, 'linear_z': 0, 'rotate_x': 0, 'rotate_y': 0, 'rotate_z': 0, 'servo_cam': 0, 'gripper': 0, 'led': 0, 'stabilization_depth': 0, 'stabilization_course': 0}
2023-10-12 16:24:21,678 : DEBUG : Send data: b'1500 1500 1500 1500 1500 1500 1500 1500 1500 1500 1000\n'
2023-10-12 16:24:21,879 : DEBUG : Data pult: {'linear_x': 0, 'linear_y': 0, 'linear_z': 0, 'rotate_x': 0, 'rotate_y': 0, 'rotate_z': 0, 'servo_cam': 0, 'gripper': 0, 'led': 0, 'stabilization_depth': 0, 'stabilization_course': 0}
2023-10-12 16:24:21,881 : DEBUG : Send data: b'1500 1500 1500 1500 1500 1500 1500 1500 1500 1500 1000\n'
2023-10-12 16:24:22,082 : DEBUG : Data pult: {'linear_x': 0, 'linear_y': 0, 'linear_z': 0, 'rotate_x': 0, 'rotate_y': 0, 'rotate_z': 0, 'servo_cam': 0, 'gripper': 0, 'led': 0, 'stabilization_depth': 0, 'stabilization_course': 0}
2023-10-12 16:24:22,084 : DEBUG : Send data: b'1500 1500 1500 1500 1500 1500 1500 1500 1500 1500 1000\n'
2023-10-12 16:24:22,286 : DEBUG : Data pult: {'linear_x': 0, 'linear_y': 0, 'linear_z': 0, 'rotate_x': 0, 'rotate_y': 0, 'rotate_z': 0, 'servo_cam': 0, 'gripper': 0, 'led': 0, 'stabilization_depth': 0, 'stabilization_course': 0}
2023-10-12 16:24:22,287 : DEBUG : Send data: b'1500 1500 1500 1500 1500 1500 1500 1500 1500 1500 1000\n'
2023-10-12 16:24:22,489 : DEBUG : Data pult: {'linear_x': 0, 'linear_y': 0, 'linear_z': 0, 'rotate_x': 0, 'rotate_y': 0, 'rotate_z': 0, 'servo_cam': 0, 'gripper': 0, 'led': 0, 'stabilization_depth': 0, 'stabilization_course': 0}
2023-10-12 16:24:22,490 : DEBUG : Send data: b'1500 1500 1500 1500 1500 1500 1500 1500 1500 1500 1000\n'
2023-10-12 16:24:22,691 : DEBUG : Data pult: {'linear_x': 0, 'linear_y': 0, 'linear_z': 0, 'rotate_x': 0, 'rotate_y': 0, 'rotate_z': 0, 'servo_cam': 0, 'gripper': 0, 'led': 0, 'stabilization_depth': 0, 'stabilization_course': 0}
2023-10-12 16:24:22,693 : DEBUG : Send data: b'1500 1500 1500 1500 1500 1500 1500 1500 1500 1500 1000\n'
2023-10-12 16:24:22,894 : DEBUG : Data pult: {'linear_x': 0, 'linear_y': 0, 'linear_z': 0, 'rotate_x': 0, 'rotate_y': 0, 'rotate_z': 0, 'servo_cam': 0, 'gripper': 0, 'led': 0, 'stabilization_depth': 0, 'stabilization_course': 0}
2023-10-12 16:24:22,895 : DEBUG : Send data: b'1500 1500 1500 1500 1500 1500 1500 1500 1500 1500 1000\n'
2023-10-12 16:24:23,097 : DEBUG : Data pult: {'linear_x': 0, 'linear_y': 0, 'linear_z': 0, 'rotate_x': 0, 'rotate_y': 0, 'rotate_z': 0, 'servo_cam': 0, 'gripper': 0, 'led': 0, 'stabilization_depth': 0, 'stabilization_course': 0}
2023-10-12 16:24:23,098 : DEBUG : Send data: b'1500 1500 1500 1500 1500 1500 1500 1500 1500 1500 1000\n'
2023-10-12 16:24:23,300 : DEBUG : Data pult: {'linear_x': 0, 'linear_y': 0, 'linear_z': 0, 'rotate_x': 0, 'rotate_y': 0, 'rotate_z': 0, 'servo_cam': 0, 'gripper': 0, 'led': 0, 'stabilization_depth': 0, 'stabilization_course': 0}
2023-10-12 16:24:23,302 : DEBUG : Send data: b'1500 1500 1500 1500 1500 1500 1500 1500 1500 1500 1000\n'
2023-10-12 16:24:23,502 : DEBUG : Data pult: {'linear_x': 0, 'linear_y': 0, 'linear_z': 0, 'rotate_x': 0, 'rotate_y': 0, 'rotate_z': 0, 'servo_cam': 0, 'gripper': 0, 'led': 0, 'stabilization_depth': 0, 'stabilization_course': 0}
2023-10-12 16:24:23,504 : DEBUG : Send data: b'1500 1500 1500 1500 1500 1500 1500 1500 1500 1500 1000\n'
2023-10-12 16:24:23,705 : DEBUG : Data pult: {'linear_x': 0, 'linear_y': 0, 'linear_z': 0, 'rotate_x': 0, 'rotate_y': 0, 'rotate_z': 0, 'servo_cam': 0, 'gripper': 0, 'led': 0, 'stabilization_depth': 0, 'stabilization_course': 0}
2023-10-12 16:24:23,707 : DEBUG : Send data: b'1500 1500 1500 1500 1500 1500 1500 1500 1500 1500 1000\n'
2023-10-12 16:24:23,908 : DEBUG : Data pult: {'linear_x': 0, 'linear_y': 0, 'linear_z': 0, 'rotate_x': 0, 'rotate_y': 0, 'rotate_z': 0, 'servo_cam': 0, 'gripper': 0, 'led': 0, 'stabilization_depth': 0, 'stabilization_course': 0}
2023-10-12 16:24:23,915 : DEBUG : Send data: b'1500 1500 1500 1500 1500 1500 1500 1500 1500 1500 1000\n'
2023-10-12 16:24:24,116 : DEBUG : Data pult: {'linear_x': 0, 'linear_y': 0, 'linear_z': 0, 'rotate_x': 0, 'rotate_y': 0, 'rotate_z': 0, 'servo_cam': 0, 'gripper': 0, 'led': 0, 'stabilization_depth': 0, 'stabilization_course': 0}
2023-10-12 16:24:24,117 : DEBUG : Send data: b'1500 1500 1500 1500 1500 1500 1500 1500 1500 1500 1000\n'
2023-10-12 16:24:24,319 : DEBUG : Data pult: {'linear_x': 0, 'linear_y': 0, 'linear_z': 0, 'rotate_x': 0, 'rotate_y': 0, 'rotate_z': 0, 'servo_cam': 0, 'gripper': 0, 'led': 0, 'stabilization_depth': 0, 'stabilization_course': 0}
2023-10-12 16:24:24,319 : DEBUG : Send data: b'1500 1500 1500 1500 1500 1500 1500 1500 1500 1500 1000\n'
2023-10-12 16:24:24,521 : DEBUG : Data pult: {'linear_x': 0, 'linear_y': 0, 'linear_z': 0, 'rotate_x': 0, 'rotate_y': 0, 'rotate_z': 0, 'servo_cam': 0, 'gripper': 0, 'led': 0, 'stabilization_depth': 0, 'stabilization_course': 0}
2023-10-12 16:24:24,522 : DEBUG : Send data: b'1500 1500 1500 1500 1500 1500 1500 1500 1500 1500 1000\n'
2023-10-12 16:24:24,724 : DEBUG : Data pult: {'linear_x': 0, 'linear_y': 0, 'linear_z': 0, 'rotate_x': 0, 'rotate_y': 0, 'rotate_z': 0, 'servo_cam': 0, 'gripper': 0, 'led': 0, 'stabilization_depth': 0, 'stabilization_course': 0}
2023-10-12 16:24:24,725 : DEBUG : Send data: b'1500 1500 1500 1500 1500 1500 1500 1500 1500 1500 1000\n'
2023-10-12 16:24:24,926 : DEBUG : Data pult: {'linear_x': 0, 'linear_y': 0, 'linear_z': 0, 'rotate_x': 0, 'rotate_y': 0, 'rotate_z': 0, 'servo_cam': 0, 'gripper': 0, 'led': 0, 'stabilization_depth': 0, 'stabilization_course': 0}
2023-10-12 16:24:24,927 : DEBUG : Send data: b'1500 1500 1500 1500 1500 1500 1500 1500 1500 1500 1000\n'
2023-10-12 16:24:25,129 : DEBUG : Data pult: {'linear_x': 0, 'linear_y': 0, 'linear_z': 0, 'rotate_x': 0, 'rotate_y': 0, 'rotate_z': 0, 'servo_cam': 0, 'gripper': 0, 'led': 0, 'stabilization_depth': 0, 'stabilization_course': 0}
2023-10-12 16:24:25,130 : DEBUG : Send data: b'1500 1500 1500 1500 1500 1500 1500 1500 1500 1500 1000\n'
2023-10-12 16:24:25,331 : DEBUG : Data pult: {'linear_x': 0, 'linear_y': 0, 'linear_z': 0, 'rotate_x': 0, 'rotate_y': 0, 'rotate_z': 0, 'servo_cam': 0, 'gripper': 0, 'led': 0, 'stabilization_depth': 0, 'stabilization_course': 0}
2023-10-12 16:24:25,333 : DEBUG : Send data: b'1500 1500 1500 1500 1500 1500 1500 1500 1500 1500 1000\n'
2023-10-12 16:24:25,535 : DEBUG : Data pult: {'linear_x': 0, 'linear_y': 0, 'linear_z': 0, 'rotate_x': 0, 'rotate_y': 0, 'rotate_z': 0, 'servo_cam': 0, 'gripper': 0, 'led': 0, 'stabilization_depth': 0, 'stabilization_course': 0}
2023-10-12 16:24:25,537 : DEBUG : Send data: b'1500 1500 1500 1500 1500 1500 1500 1500 1500 1500 1000\n'
2023-10-12 16:24:25,738 : DEBUG : Data pult: {'linear_x': 0, 'linear_y': 0, 'linear_z': 0, 'rotate_x': 0, 'rotate_y': 0, 'rotate_z': 0, 'servo_cam': 0, 'gripper': 0, 'led': 0, 'stabilization_depth': 0, 'stabilization_course': 0}
2023-10-12 16:24:25,739 : DEBUG : Send data: b'1500 1500 1500 1500 1500 1500 1500 1500 1500 1500 1000\n'
2023-10-12 16:24:25,940 : DEBUG : Data pult: {'linear_x': 0, 'linear_y': 0, 'linear_z': 0, 'rotate_x': 0, 'rotate_y': 0, 'rotate_z': 0, 'servo_cam': 0, 'gripper': 0, 'led': 0, 'stabilization_depth': 0, 'stabilization_course': 0}
2023-10-12 16:24:25,941 : DEBUG : Send data: b'1500 1500 1500 1500 1500 1500 1500 1500 1500 1500 1000\n'
2023-10-12 16:24:26,143 : DEBUG : Data pult: {'linear_x': 0, 'linear_y': 0, 'linear_z': 0, 'rotate_x': 0, 'rotate_y': 0, 'rotate_z': 0, 'servo_cam': 0, 'gripper': 0, 'led': 0, 'stabilization_depth': 0, 'stabilization_course': 0}
2023-10-12 16:24:26,144 : DEBUG : Send data: b'1500 1500 1500 1500 1500 1500 1500 1500 1500 1500 1000\n'
2023-10-12 16:24:26,345 : DEBUG : Data pult: {'linear_x': 0, 'linear_y': 0, 'linear_z': 0, 'rotate_x': 0, 'rotate_y': 0, 'rotate_z': 0, 'servo_cam': 0, 'gripper': 0, 'led': 0, 'stabilization_depth': 0, 'stabilization_course': 0}
2023-10-12 16:24:26,346 : DEBUG : Send data: b'1500 1500 1500 1500 1500 1500 1500 1500 1500 1500 1000\n'
2023-10-12 16:24:26,548 : DEBUG : Data pult: {'linear_x': 0, 'linear_y': 0, 'linear_z': 0, 'rotate_x': 0, 'rotate_y': 0, 'rotate_z': 0, 'servo_cam': 0, 'gripper': 0, 'led': 0, 'stabilization_depth': 0, 'stabilization_course': 0}
2023-10-12 16:24:26,550 : DEBUG : Send data: b'1500 1500 1500 1500 1500 1500 1500 1500 1500 1500 1000\n'
2023-10-12 16:24:26,751 : DEBUG : Data pult: {'linear_x': 0, 'linear_y': 0, 'linear_z': 0, 'rotate_x': 0, 'rotate_y': 0, 'rotate_z': 0, 'servo_cam': 0, 'gripper': 0, 'led': 0, 'stabilization_depth': 0, 'stabilization_course': 0}
2023-10-12 16:24:26,752 : DEBUG : Send data: b'1500 1500 1500 1500 1500 1500 1500 1500 1500 1500 1000\n'
2023-10-12 16:24:26,953 : DEBUG : Data pult: {'linear_x': 0, 'linear_y': 0, 'linear_z': 0, 'rotate_x': 0, 'rotate_y': 0, 'rotate_z': 0, 'servo_cam': 0, 'gripper': 0, 'led': 0, 'stabilization_depth': 0, 'stabilization_course': 0}
2023-10-12 16:24:26,954 : DEBUG : Send data: b'1500 1500 1500 1500 1500 1500 1500 1500 1500 1500 1000\n'
2023-10-12 16:24:27,155 : DEBUG : Data pult: {'linear_x': 0, 'linear_y': 0, 'linear_z': 0, 'rotate_x': 0, 'rotate_y': 0, 'rotate_z': 0, 'servo_cam': 0, 'gripper': 0, 'led': 0, 'stabilization_depth': 0, 'stabilization_course': 0}
2023-10-12 16:24:27,157 : DEBUG : Send data: b'1500 1500 1500 1500 1500 1500 1500 1500 1500 1500 1000\n'
2023-10-12 16:24:27,358 : DEBUG : Data pult: {'linear_x': 0, 'linear_y': 0, 'linear_z': 0, 'rotate_x': 0, 'rotate_y': 0, 'rotate_z': 0, 'servo_cam': 0, 'gripper': 0, 'led': 0, 'stabilization_depth': 0, 'stabilization_course': 0}
2023-10-12 16:24:27,359 : DEBUG : Send data: b'1500 1500 1500 1500 1500 1500 1500 1500 1500 1500 1000\n'
2023-10-12 16:24:27,561 : DEBUG : Data pult: {'linear_x': 0, 'linear_y': 0, 'linear_z': 0, 'rotate_x': 0, 'rotate_y': 0, 'rotate_z': 0, 'servo_cam': 0, 'gripper': 0, 'led': 0, 'stabilization_depth': 0, 'stabilization_course': 0}
2023-10-12 16:24:27,562 : WARNING : Error send data
2023-10-12 16:24:27,764 : DEBUG : Data pult: {'linear_x': 0, 'linear_y': 0, 'linear_z': 0, 'rotate_x': 0, 'rotate_y': 0, 'rotate_z': 0, 'servo_cam': 0, 'gripper': 0, 'led': 0, 'stabilization_depth': 0, 'stabilization_course': 0}
2023-10-12 16:24:27,766 : WARNING : Error send data
2023-10-12 16:24:27,967 : DEBUG : Data pult: {'linear_x': 0, 'linear_y': 0, 'linear_z': 0, 'rotate_x': 0, 'rotate_y': 0, 'rotate_z': 0, 'servo_cam': 0, 'gripper': 0, 'led': 0, 'stabilization_depth': 0, 'stabilization_course': 0}
2023-10-12 16:24:27,999 : WARNING : Error send data
2023-10-12 16:24:28,200 : DEBUG : Data pult: {'linear_x': 0, 'linear_y': 0, 'linear_z': 0, 'rotate_x': 0, 'rotate_y': 0, 'rotate_z': 0, 'servo_cam': 0, 'gripper': 0, 'led': 0, 'stabilization_depth': 0, 'stabilization_course': 0}
2023-10-12 16:24:28,201 : WARNING : Error send data
2023-10-12 16:24:28,403 : DEBUG : Data pult: {'linear_x': 0, 'linear_y': 0, 'linear_z': 0, 'rotate_x': 0, 'rotate_y': 0, 'rotate_z': 0, 'servo_cam': 0, 'gripper': 0, 'led': 0, 'stabilization_depth': 0, 'stabilization_course': 0}
2023-10-12 16:24:28,404 : WARNING : Error send data
2023-10-12 16:24:28,606 : DEBUG : Data pult: {'linear_x': 0, 'linear_y': 0, 'linear_z': 0, 'rotate_x': 0, 'rotate_y': 0, 'rotate_z': 0, 'servo_cam': 0, 'gripper': 0, 'led': 0, 'stabilization_depth': 0, 'stabilization_course': 0}
2023-10-12 16:24:28,607 : WARNING : Error send data
2023-10-12 16:24:28,808 : DEBUG : Data pult: {'linear_x': 0, 'linear_y': 0, 'linear_z': 0, 'rotate_x': 0, 'rotate_y': 0, 'rotate_z': 0, 'servo_cam': 0, 'gripper': 0, 'led': 0, 'stabilization_depth': 0, 'stabilization_course': 0}
2023-10-12 16:24:28,809 : WARNING : Error send data
2023-10-12 16:24:29,010 : DEBUG : Data pult: {'linear_x': 0, 'linear_y': 0, 'linear_z': 0, 'rotate_x': 0, 'rotate_y': 0, 'rotate_z': 0, 'servo_cam': 0, 'gripper': 0, 'led': 0, 'stabilization_depth': 0, 'stabilization_course': 0}
2023-10-12 16:24:29,011 : WARNING : Error send data
2023-10-12 16:24:29,212 : DEBUG : Data pult: {'linear_x': 0, 'linear_y': 0, 'linear_z': 0, 'rotate_x': 0, 'rotate_y': 0, 'rotate_z': 0, 'servo_cam': 0, 'gripper': 0, 'led': 0, 'stabilization_depth': 0, 'stabilization_course': 0}
2023-10-12 16:24:29,213 : WARNING : Error send data
2023-10-12 16:24:29,415 : DEBUG : Data pult: {'linear_x': 0, 'linear_y': 0, 'linear_z': 0, 'rotate_x': 0, 'rotate_y': 0, 'rotate_z': 0, 'servo_cam': 0, 'gripper': 0, 'led': 0, 'stabilization_depth': 0, 'stabilization_course': 0}
2023-10-12 16:24:29,416 : WARNING : Error send data
2023-10-12 16:24:29,618 : DEBUG : Data pult: {'linear_x': 0, 'linear_y': 0, 'linear_z': 0, 'rotate_x': 0, 'rotate_y': 0, 'rotate_z': 0, 'servo_cam': 0, 'gripper': 0, 'led': 0, 'stabilization_depth': 0, 'stabilization_course': 0}
2023-10-12 16:24:29,619 : WARNING : Error send data
2023-10-12 16:24:29,821 : DEBUG : Data pult: {'linear_x': 0, 'linear_y': 0, 'linear_z': 0, 'rotate_x': 0, 'rotate_y': 0, 'rotate_z': 0, 'servo_cam': 0, 'gripper': 0, 'led': 0, 'stabilization_depth': 0, 'stabilization_course': 0}
2023-10-12 16:24:29,822 : WARNING : Error send data
2023-10-12 16:24:30,022 : DEBUG : Data pult: {'linear_x': 0, 'linear_y': 0, 'linear_z': 0, 'rotate_x': 0, 'rotate_y': 0, 'rotate_z': 0, 'servo_cam': 0, 'gripper': 0, 'led': 0, 'stabilization_depth': 0, 'stabilization_course': 0}
2023-10-12 16:24:30,023 : WARNING : Error send data
2023-10-12 16:24:30,224 : DEBUG : Data pult: {'linear_x': 0, 'linear_y': 0, 'linear_z': 0, 'rotate_x': 0, 'rotate_y': 0, 'rotate_z': 0, 'servo_cam': 0, 'gripper': 0, 'led': 0, 'stabilization_depth': 0, 'stabilization_course': 0}
2023-10-12 16:24:30,226 : WARNING : Error send data
2023-10-12 16:24:30,428 : DEBUG : Data pult: {'linear_x': 0, 'linear_y': 0, 'linear_z': 0, 'rotate_x': 0, 'rotate_y': 0, 'rotate_z': 0, 'servo_cam': 0, 'gripper': 0, 'led': 0, 'stabilization_depth': 0, 'stabilization_course': 0}
2023-10-12 16:24:30,429 : WARNING : Error send data
2023-10-12 16:24:30,630 : DEBUG : Data pult: {'linear_x': 0, 'linear_y': 0, 'linear_z': 0, 'rotate_x': 0, 'rotate_y': 0, 'rotate_z': 0, 'servo_cam': 0, 'gripper': 0, 'led': 0, 'stabilization_depth': 0, 'stabilization_course': 0}
2023-10-12 16:24:30,631 : WARNING : Error send data
2023-10-12 16:24:30,832 : DEBUG : Data pult: {'linear_x': 0, 'linear_y': 0, 'linear_z': 0, 'rotate_x': 0, 'rotate_y': 0, 'rotate_z': 0, 'servo_cam': 0, 'gripper': 0, 'led': 0, 'stabilization_depth': 0, 'stabilization_course': 0}
2023-10-12 16:24:30,833 : WARNING : Error send data
2023-10-12 16:24:31,034 : DEBUG : Data pult: {'linear_x': 0, 'linear_y': 0, 'linear_z': 0, 'rotate_x': 0, 'rotate_y': 0, 'rotate_z': 0, 'servo_cam': 0, 'gripper': 0, 'led': 0, 'stabilization_depth': 0, 'stabilization_course': 0}
2023-10-12 16:24:31,035 : WARNING : Error send data
2023-10-12 16:24:31,237 : DEBUG : Data pult: {'linear_x': 0, 'linear_y': 0, 'linear_z': 0, 'rotate_x': 0, 'rotate_y': 0, 'rotate_z': 0, 'servo_cam': 0, 'gripper': 0, 'led': 0, 'stabilization_depth': 0, 'stabilization_course': 0}
2023-10-12 16:24:31,238 : WARNING : Error send data
2023-10-12 16:24:31,439 : DEBUG : Data pult: {'linear_x': 0, 'linear_y': 0, 'linear_z': 0, 'rotate_x': 0, 'rotate_y': 0, 'rotate_z': 0, 'servo_cam': 0, 'gripper': 0, 'led': 0, 'stabilization_depth': 0, 'stabilization_course': 0}
2023-10-12 16:24:31,441 : WARNING : Error send data
2023-10-12 16:24:31,643 : DEBUG : Data pult: {'linear_x': 0, 'linear_y': 0, 'linear_z': 0, 'rotate_x': 0, 'rotate_y': 0, 'rotate_z': 0, 'servo_cam': 0, 'gripper': 0, 'led': 0, 'stabilization_depth': 0, 'stabilization_course': 0}
2023-10-12 16:24:31,643 : WARNING : Error send data
2023-10-12 16:24:31,845 : DEBUG : Data pult: {'linear_x': 0, 'linear_y': 0, 'linear_z': 0, 'rotate_x': 0, 'rotate_y': 0, 'rotate_z': 0, 'servo_cam': 0, 'gripper': 0, 'led': 0, 'stabilization_depth': 0, 'stabilization_course': 0}
2023-10-12 16:24:31,846 : WARNING : Error send data
2023-10-12 16:24:32,047 : DEBUG : Data pult: {'linear_x': 0, 'linear_y': 0, 'linear_z': 0, 'rotate_x': 0, 'rotate_y': 0, 'rotate_z': 0, 'servo_cam': 0, 'gripper': 0, 'led': 0, 'stabilization_depth': 0, 'stabilization_course': 0}
2023-10-12 16:24:32,049 : WARNING : Error send data
2023-10-12 16:24:32,249 : DEBUG : Data pult: {'linear_x': 0, 'linear_y': 0, 'linear_z': 0, 'rotate_x': 0, 'rotate_y': 0, 'rotate_z': 0, 'servo_cam': 0, 'gripper': 0, 'led': 0, 'stabilization_depth': 0, 'stabilization_course': 0}
2023-10-12 16:24:32,250 : WARNING : Error send data
2023-10-12 16:24:32,452 : DEBUG : Data pult: {'linear_x': 0, 'linear_y': 0, 'linear_z': 0, 'rotate_x': 0, 'rotate_y': 0, 'rotate_z': 0, 'servo_cam': 0, 'gripper': 0, 'led': 0, 'stabilization_depth': 0, 'stabilization_course': 0}
2023-10-12 16:24:32,454 : WARNING : Error send data
2023-10-12 16:24:32,655 : DEBUG : Data pult: {'linear_x': 0, 'linear_y': 0, 'linear_z': 0, 'rotate_x': 0, 'rotate_y': 0, 'rotate_z': 0, 'servo_cam': 0, 'gripper': 0, 'led': 0, 'stabilization_depth': 0, 'stabilization_course': 0}
2023-10-12 16:24:32,656 : WARNING : Error send data
2023-10-12 16:24:32,857 : DEBUG : Data pult: {'linear_x': 0, 'linear_y': 0, 'linear_z': 0, 'rotate_x': 0, 'rotate_y': 0, 'rotate_z': 0, 'servo_cam': 0, 'gripper': 0, 'led': 0, 'stabilization_depth': 0, 'stabilization_course': 0}
2023-10-12 16:24:32,859 : WARNING : Error send data
2023-10-12 16:24:33,060 : DEBUG : Data pult: {'linear_x': 0, 'linear_y': 0, 'linear_z': 0, 'rotate_x': 0, 'rotate_y': 0, 'rotate_z': 0, 'servo_cam': 0, 'gripper': 0, 'led': 0, 'stabilization_depth': 0, 'stabilization_course': 0}
2023-10-12 16:24:33,061 : WARNING : Error send data
2023-10-12 16:24:33,262 : DEBUG : Data pult: {'linear_x': 0, 'linear_y': 0, 'linear_z': 0, 'rotate_x': 0, 'rotate_y': 0, 'rotate_z': 0, 'servo_cam': 0, 'gripper': 0, 'led': 0, 'stabilization_depth': 0, 'stabilization_course': 0}
2023-10-12 16:24:33,262 : WARNING : Error send data
2023-10-12 16:24:33,464 : DEBUG : Data pult: {'linear_x': 0, 'linear_y': 0, 'linear_z': 0, 'rotate_x': 0, 'rotate_y': 0, 'rotate_z': 0, 'servo_cam': 0, 'gripper': 0, 'led': 0, 'stabilization_depth': 0, 'stabilization_course': 0}
2023-10-12 16:24:33,465 : WARNING : Error send data
2023-10-12 16:24:33,667 : DEBUG : Data pult: {'linear_x': 0, 'linear_y': 0, 'linear_z': 0, 'rotate_x': 0, 'rotate_y': 0, 'rotate_z': 0, 'servo_cam': 0, 'gripper': 0, 'led': 0, 'stabilization_depth': 0, 'stabilization_course': 0}
2023-10-12 16:24:33,669 : WARNING : Error send data
2023-10-12 16:24:33,871 : DEBUG : Data pult: {'linear_x': 0, 'linear_y': 0, 'linear_z': 0, 'rotate_x': 0, 'rotate_y': 0, 'rotate_z': 0, 'servo_cam': 0, 'gripper': 0, 'led': 0, 'stabilization_depth': 0, 'stabilization_course': 0}
2023-10-12 16:24:33,872 : WARNING : Error send data
2023-10-12 16:24:34,073 : DEBUG : Data pult: {'linear_x': 0, 'linear_y': 0, 'linear_z': 0, 'rotate_x': 0, 'rotate_y': 0, 'rotate_z': 0, 'servo_cam': 0, 'gripper': 0, 'led': 0, 'stabilization_depth': 0, 'stabilization_course': 0}
2023-10-12 16:24:34,074 : WARNING : Error send data
2023-10-12 16:24:34,276 : DEBUG : Data pult: {'linear_x': 0, 'linear_y': 0, 'linear_z': 0, 'rotate_x': 0, 'rotate_y': 0, 'rotate_z': 0, 'servo_cam': 0, 'gripper': 0, 'led': 0, 'stabilization_depth': 0, 'stabilization_course': 0}
2023-10-12 16:24:34,277 : WARNING : Error send data
2023-10-12 16:24:34,478 : DEBUG : Data pult: {'linear_x': 0, 'linear_y': 0, 'linear_z': 0, 'rotate_x': 0, 'rotate_y': 0, 'rotate_z': 0, 'servo_cam': 0, 'gripper': 0, 'led': 0, 'stabilization_depth': 0, 'stabilization_course': 0}
2023-10-12 16:24:34,479 : WARNING : Error send data
2023-10-12 16:24:34,680 : DEBUG : Data pult: {'linear_x': 0, 'linear_y': 0, 'linear_z': 0, 'rotate_x': 0, 'rotate_y': 0, 'rotate_z': 0, 'servo_cam': 0, 'gripper': 0, 'led': 0, 'stabilization_depth': 0, 'stabilization_course': 0}
2023-10-12 16:24:34,681 : WARNING : Error send data
2023-10-12 16:24:34,883 : DEBUG : Data pult: {'linear_x': 0, 'linear_y': 0, 'linear_z': 0, 'rotate_x': 0, 'rotate_y': 0, 'rotate_z': 0, 'servo_cam': 0, 'gripper': 0, 'led': 0, 'stabilization_depth': 0, 'stabilization_course': 0}
2023-10-12 16:24:34,884 : WARNING : Error send data
2023-10-12 16:24:35,085 : DEBUG : Data pult: {'linear_x': 0, 'linear_y': 0, 'linear_z': 0, 'rotate_x': 0, 'rotate_y': 0, 'rotate_z': 0, 'servo_cam': 0, 'gripper': 0, 'led': 0, 'stabilization_depth': 0, 'stabilization_course': 0}
2023-10-12 16:24:35,087 : WARNING : Error send data
2023-10-12 16:24:35,288 : DEBUG : Data pult: {'linear_x': 0, 'linear_y': 0, 'linear_z': 0, 'rotate_x': 0, 'rotate_y': 0, 'rotate_z': 0, 'servo_cam': 0, 'gripper': 0, 'led': 0, 'stabilization_depth': 0, 'stabilization_course': 0}
2023-10-12 16:24:35,289 : WARNING : Error send data
2023-10-12 16:24:35,489 : DEBUG : Data pult: {'linear_x': 0, 'linear_y': 0, 'linear_z': 0, 'rotate_x': 0, 'rotate_y': 0, 'rotate_z': 0, 'servo_cam': 0, 'gripper': 0, 'led': 0, 'stabilization_depth': 0, 'stabilization_course': 0}
2023-10-12 16:24:35,490 : WARNING : Error send data
2023-10-12 16:24:35,692 : DEBUG : Data pult: {'linear_x': 0, 'linear_y': 0, 'linear_z': 0, 'rotate_x': 0, 'rotate_y': 0, 'rotate_z': 0, 'servo_cam': 0, 'gripper': 0, 'led': 0, 'stabilization_depth': 0, 'stabilization_course': 0}
2023-10-12 16:24:35,693 : WARNING : Error send data
2023-10-12 16:24:35,894 : DEBUG : Data pult: {'linear_x': 0, 'linear_y': 0, 'linear_z': 0, 'rotate_x': 0, 'rotate_y': 0, 'rotate_z': 0, 'servo_cam': 0, 'gripper': 0, 'led': 0, 'stabilization_depth': 0, 'stabilization_course': 0}
2023-10-12 16:24:35,895 : WARNING : Error send data
2023-10-12 16:24:36,097 : DEBUG : Data pult: {'linear_x': 0, 'linear_y': 0, 'linear_z': 0, 'rotate_x': 0, 'rotate_y': 0, 'rotate_z': 0, 'servo_cam': 0, 'gripper': 0, 'led': 0, 'stabilization_depth': 0, 'stabilization_course': 0}
2023-10-12 16:24:36,098 : WARNING : Error send data
2023-10-12 16:24:36,299 : DEBUG : Data pult: {'linear_x': 0, 'linear_y': 0, 'linear_z': 0, 'rotate_x': 0, 'rotate_y': 0, 'rotate_z': 0, 'servo_cam': 0, 'gripper': 0, 'led': 0, 'stabilization_depth': 0, 'stabilization_course': 0}
2023-10-12 16:24:36,300 : WARNING : Error send data
2023-10-12 16:24:36,501 : DEBUG : Data pult: {'linear_x': 0, 'linear_y': 0, 'linear_z': 0, 'rotate_x': 0, 'rotate_y': 0, 'rotate_z': 0, 'servo_cam': 0, 'gripper': 0, 'led': 0, 'stabilization_depth': 0, 'stabilization_course': 0}
2023-10-12 16:24:36,503 : WARNING : Error send data
2023-10-12 16:24:36,704 : DEBUG : Data pult: {'linear_x': 0, 'linear_y': 0, 'linear_z': 0, 'rotate_x': 0, 'rotate_y': 0, 'rotate_z': 0, 'servo_cam': 0, 'gripper': 0, 'led': 0, 'stabilization_depth': 0, 'stabilization_course': 0}
2023-10-12 16:24:36,705 : WARNING : Error send data
2023-10-12 16:24:36,906 : DEBUG : Data pult: {'linear_x': 0, 'linear_y': 0, 'linear_z': 0, 'rotate_x': 0, 'rotate_y': 0, 'rotate_z': 0, 'servo_cam': 0, 'gripper': 0, 'led': 0, 'stabilization_depth': 0, 'stabilization_course': 0}
2023-10-12 16:24:36,907 : WARNING : Error send data
2023-10-12 16:24:37,109 : DEBUG : Data pult: {'linear_x': 0, 'linear_y': 0, 'linear_z': 0, 'rotate_x': 0, 'rotate_y': 0, 'rotate_z': 0, 'servo_cam': 0, 'gripper': 0, 'led': 0, 'stabilization_depth': 0, 'stabilization_course': 0}
2023-10-12 16:24:37,110 : WARNING : Error send data
2023-10-12 16:24:37,312 : DEBUG : Data pult: {'linear_x': 0, 'linear_y': 0, 'linear_z': 0, 'rotate_x': 0, 'rotate_y': 0, 'rotate_z': 0, 'servo_cam': 0, 'gripper': 0, 'led': 0, 'stabilization_depth': 0, 'stabilization_course': 0}
2023-10-12 16:24:37,314 : WARNING : Error send data
2023-10-12 16:24:37,515 : DEBUG : Data pult: {'linear_x': 0, 'linear_y': 0, 'linear_z': 0, 'rotate_x': 0, 'rotate_y': 0, 'rotate_z': 0, 'servo_cam': 0, 'gripper': 0, 'led': 0, 'stabilization_depth': 0, 'stabilization_course': 0}
2023-10-12 16:24:37,543 : WARNING : Error send data
2023-10-12 16:24:37,744 : DEBUG : Data pult: {'linear_x': 0, 'linear_y': 0, 'linear_z': 0, 'rotate_x': 0, 'rotate_y': 0, 'rotate_z': 0, 'servo_cam': 0, 'gripper': 0, 'led': 0, 'stabilization_depth': 0, 'stabilization_course': 0}
2023-10-12 16:24:37,746 : WARNING : Error send data
2023-10-12 16:24:37,947 : DEBUG : Data pult: {'linear_x': 0, 'linear_y': 0, 'linear_z': 0, 'rotate_x': 0, 'rotate_y': 0, 'rotate_z': 0, 'servo_cam': 0, 'gripper': 0, 'led': 0, 'stabilization_depth': 0, 'stabilization_course': 0}
2023-10-12 16:24:37,948 : WARNING : Error send data
2023-10-12 16:24:38,149 : DEBUG : Data pult: {'linear_x': 0, 'linear_y': 0, 'linear_z': 0, 'rotate_x': 0, 'rotate_y': 0, 'rotate_z': 0, 'servo_cam': 0, 'gripper': 0, 'led': 0, 'stabilization_depth': 0, 'stabilization_course': 0}
2023-10-12 16:24:38,150 : WARNING : Error send data
2023-10-12 16:24:38,351 : DEBUG : Data pult: {'linear_x': 0, 'linear_y': 0, 'linear_z': 0, 'rotate_x': 0, 'rotate_y': 0, 'rotate_z': 0, 'servo_cam': 0, 'gripper': 0, 'led': 0, 'stabilization_depth': 0, 'stabilization_course': 0}
2023-10-12 16:24:38,352 : WARNING : Error send data
2023-10-12 16:24:38,554 : DEBUG : Data pult: {'linear_x': 0, 'linear_y': 0, 'linear_z': 0, 'rotate_x': 0, 'rotate_y': 0, 'rotate_z': 0, 'servo_cam': 0, 'gripper': 0, 'led': 0, 'stabilization_depth': 0, 'stabilization_course': 0}
2023-10-12 16:24:38,556 : WARNING : Error send data
2023-10-12 16:24:38,757 : DEBUG : Data pult: {'linear_x': 0, 'linear_y': 0, 'linear_z': 0, 'rotate_x': 0, 'rotate_y': 0, 'rotate_z': 0, 'servo_cam': 0, 'gripper': 0, 'led': 0, 'stabilization_depth': 0, 'stabilization_course': 0}
2023-10-12 16:24:38,758 : WARNING : Error send data
